p: 1
e: 1
# spacings: 1
# spacing pairs: 1
	hspacing: 0 1 	vspacing: 0 1 
		number of symmetries: 2
p: 1
e: 2
# spacings: 1
# spacing pairs: 1
	hspacing: 0 2 	vspacing: 0 2 
		number of symmetries: 2
p: 3
e: 3
# spacings: 1
# spacing pairs: 1
	hspacing: 0 1 2 3 	vspacing: 0 1 2 3 
		number of symmetries: 2
p: 3
e: 4
# spacings: 3
# spacing pairs: 1
	hspacing: 0 1 3 4 	vspacing: 0 1 3 4 
		number of symmetries: 2
p: 3
e: 5
# spacings: 6
# spacing pairs: 2
	hspacing: 0 1 4 5 	vspacing: 0 1 4 5 
		number of symmetries: 2
	hspacing: 0 2 3 5 	vspacing: 0 2 3 5 
		number of symmetries: 2
p: 3
e: 6
# spacings: 10
# spacing pairs: 2
	hspacing: 0 1 5 6 	vspacing: 0 1 5 6 
		number of symmetries: 2
	hspacing: 0 2 4 6 	vspacing: 0 2 4 6 
		number of symmetries: 2
p: 5
e: 5
# spacings: 1
# spacing pairs: 1
	hspacing: 0 1 2 3 4 5 	vspacing: 0 1 2 3 4 5 
		number of symmetries: 2
p: 5
e: 6
# spacings: 5
# spacing pairs: 1
	hspacing: 0 1 2 4 5 6 	vspacing: 0 1 2 4 5 6 
		number of symmetries: 2
p: 5
e: 7
# spacings: 15
# spacing pairs: 3
	hspacing: 0 1 2 5 6 7 	vspacing: 0 1 2 5 6 7 
		number of symmetries: 2
	hspacing: 0 1 3 4 6 7 	vspacing: 0 1 3 4 6 7 
		number of symmetries: 2
	hspacing: 0 2 3 4 5 7 	vspacing: 0 2 3 4 5 7 
		number of symmetries: 2
p: 5
e: 8
# spacings: 35
# spacing pairs: 2
	hspacing: 0 1 2 6 7 8 	vspacing: 0 1 2 6 7 8 
		number of symmetries: 2
	hspacing: 0 2 3 5 6 8 	vspacing: 0 2 3 5 6 8 
		number of symmetries: 2
p: 5
e: 9
# spacings: 70
# spacing pairs: 3
	hspacing: 0 1 2 7 8 9 	vspacing: 0 1 2 7 8 9 
		number of symmetries: 2
	hspacing: 0 1 4 5 8 9 	vspacing: 0 1 4 5 8 9 
		number of symmetries: 2
	hspacing: 0 2 4 5 7 9 	vspacing: 0 2 4 5 7 9 
		number of symmetries: 2
p: 5
e: 10
# spacings: 126
# spacing pairs: 3
	hspacing: 0 1 2 8 9 10 	vspacing: 0 1 2 8 9 10 
		number of symmetries: 2
	hspacing: 0 2 4 6 8 10 	vspacing: 0 2 4 6 8 10 
		number of symmetries: 2
	hspacing: 0 3 4 6 7 10 	vspacing: 0 3 4 6 7 10 
		number of symmetries: 2
p: 7
e: 7
# spacings: 1
# spacing pairs: 1
	hspacing: 0 1 2 3 4 5 6 7 	vspacing: 0 1 2 3 4 5 6 7 
		number of symmetries: 2
p: 7
e: 8
# spacings: 7
# spacing pairs: 1
	hspacing: 0 1 2 3 5 6 7 8 	vspacing: 0 1 2 3 5 6 7 8 
		number of symmetries: 2
p: 7
e: 9
# spacings: 28
# spacing pairs: 4
	hspacing: 0 1 2 3 6 7 8 9 	vspacing: 0 1 2 3 6 7 8 9 
		number of symmetries: 2
	hspacing: 0 1 2 4 5 7 8 9 	vspacing: 0 1 2 4 5 7 8 9 
		number of symmetries: 2
	hspacing: 0 1 3 4 5 6 8 9 	vspacing: 0 1 3 4 5 6 8 9 
		number of symmetries: 2
	hspacing: 0 2 3 4 5 6 7 9 	vspacing: 0 2 3 4 5 6 7 9 
		number of symmetries: 2
p: 7
e: 10
# spacings: 84
# spacing pairs: 2
	hspacing: 0 1 2 3 7 8 9 10 	vspacing: 0 1 2 3 7 8 9 10 
		number of symmetries: 2
	hspacing: 0 1 3 4 6 7 9 10 	vspacing: 0 1 3 4 6 7 9 10 
		number of symmetries: 2
p: 7
e: 11
# spacings: 210
# spacing pairs: 5
	hspacing: 0 1 2 3 8 9 10 11 	vspacing: 0 1 2 3 8 9 10 11 
		number of symmetries: 2
	hspacing: 0 1 3 4 7 8 10 11 	vspacing: 0 1 3 4 7 8 10 11 
		number of symmetries: 2
	hspacing: 0 1 4 5 6 7 10 11 	vspacing: 0 1 4 5 6 7 10 11 
		number of symmetries: 2
	hspacing: 0 2 3 5 6 8 9 11 	vspacing: 0 2 3 5 6 8 9 11 
		number of symmetries: 2
	hspacing: 0 2 4 5 6 7 9 11 	vspacing: 0 2 4 5 6 7 9 11 
		number of symmetries: 2
p: 7
e: 12
# spacings: 462
# spacing pairs: 5
	hspacing: 0 1 2 3 9 10 11 12 	vspacing: 0 1 2 3 9 10 11 12 
		number of symmetries: 2
	hspacing: 0 1 3 4 8 9 11 12 	vspacing: 0 1 3 4 8 9 11 12 
		number of symmetries: 2
	hspacing: 0 1 4 5 7 8 11 12 	vspacing: 0 1 4 5 7 8 11 12 
		number of symmetries: 2
	hspacing: 0 2 3 5 7 9 10 12 	vspacing: 0 2 3 5 7 9 10 12 
		number of symmetries: 2
	hspacing: 0 3 4 5 7 8 9 12 	vspacing: 0 3 4 5 7 8 9 12 
		number of symmetries: 2
p: 7
e: 13
# spacings: 924
# spacing pairs: 8
	hspacing: 0 1 2 3 10 11 12 13 	vspacing: 0 1 2 3 10 11 12 13 
		number of symmetries: 2
	hspacing: 0 1 3 4 9 10 12 13 	vspacing: 0 1 3 4 9 10 12 13 
		number of symmetries: 2
	hspacing: 0 1 4 5 8 9 12 13 	vspacing: 0 1 4 5 8 9 12 13 
		number of symmetries: 2
	hspacing: 0 1 5 6 7 8 12 13 	vspacing: 0 1 5 6 7 8 12 13 
		number of symmetries: 2
	hspacing: 0 2 3 5 8 10 11 13 	vspacing: 0 2 3 5 8 10 11 13 
		number of symmetries: 2
	hspacing: 0 2 4 6 7 9 11 13 	vspacing: 0 2 4 6 7 9 11 13 
		number of symmetries: 2
	hspacing: 0 2 5 6 7 8 11 13 	vspacing: 0 2 5 6 7 8 11 13 
		number of symmetries: 2
	hspacing: 0 3 4 6 7 9 10 13 	vspacing: 0 3 4 6 7 9 10 13 
		number of symmetries: 2
p: 7
e: 14
# spacings: 1716
# spacing pairs: 7
	hspacing: 0 1 2 3 11 12 13 14 	vspacing: 0 1 2 3 11 12 13 14 
		number of symmetries: 2
	hspacing: 0 1 3 4 10 11 13 14 	vspacing: 0 1 3 4 10 11 13 14 
		number of symmetries: 2
	hspacing: 0 1 4 5 9 10 13 14 	vspacing: 0 1 4 5 9 10 13 14 
		number of symmetries: 2
	hspacing: 0 1 5 6 8 9 13 14 	vspacing: 0 1 5 6 8 9 13 14 
		number of symmetries: 2
	hspacing: 0 2 3 5 9 11 12 14 	vspacing: 0 2 3 5 9 11 12 14 
		number of symmetries: 2
	hspacing: 0 2 4 6 8 10 12 14 	vspacing: 0 2 4 6 8 10 12 14 
		number of symmetries: 2
	hspacing: 0 3 5 6 8 9 11 14 	vspacing: 0 3 5 6 8 9 11 14 
		number of symmetries: 2
