p: 1
e: 1
# spacings: 1
# spacing pairs: 1
	hspacing: 0 1 	vspacing: 0 1 
		number of symmetries: 2
p: 1
e: 2
# spacings: 1
# spacing pairs: 1
	hspacing: 0 2 	vspacing: 0 2 
		number of symmetries: 2
p: 2
e: 2
# spacings: 1
# spacing pairs: 1
	hspacing: 0 1 2 	vspacing: 0 1 2 
		number of symmetries: 2
p: 2
e: 3
# spacings: 2
# spacing pairs: 4
	hspacing: 0 1 3 	vspacing: 0 1 3 
		number of symmetries: 1
	hspacing: 0 1 3 	vspacing: 0 2 3 
		number of symmetries: 1
	hspacing: 0 2 3 	vspacing: 0 1 3 
		number of symmetries: 1
	hspacing: 0 2 3 	vspacing: 0 2 3 
		number of symmetries: 1
p: 2
e: 4
# spacings: 3
# spacing pairs: 5
	hspacing: 0 1 4 	vspacing: 0 1 4 
		number of symmetries: 1
	hspacing: 0 1 4 	vspacing: 0 3 4 
		number of symmetries: 1
	hspacing: 0 2 4 	vspacing: 0 2 4 
		number of symmetries: 2
	hspacing: 0 3 4 	vspacing: 0 1 4 
		number of symmetries: 1
	hspacing: 0 3 4 	vspacing: 0 3 4 
		number of symmetries: 1
p: 3
e: 3
# spacings: 1
# spacing pairs: 1
	hspacing: 0 1 2 3 	vspacing: 0 1 2 3 
		number of symmetries: 2
p: 3
e: 4
# spacings: 3
# spacing pairs: 1
	hspacing: 0 1 3 4 	vspacing: 0 1 3 4 
		number of symmetries: 2
p: 3
e: 5
# spacings: 6
# spacing pairs: 2
	hspacing: 0 1 4 5 	vspacing: 0 1 4 5 
		number of symmetries: 2
	hspacing: 0 2 3 5 	vspacing: 0 2 3 5 
		number of symmetries: 2
p: 3
e: 6
# spacings: 10
# spacing pairs: 2
	hspacing: 0 1 5 6 	vspacing: 0 1 5 6 
		number of symmetries: 2
	hspacing: 0 2 4 6 	vspacing: 0 2 4 6 
		number of symmetries: 2
p: 4
e: 4
# spacings: 1
# spacing pairs: 1
	hspacing: 0 1 2 3 4 	vspacing: 0 1 2 3 4 
		number of symmetries: 2
p: 4
e: 5
# spacings: 4
# spacing pairs: 8
	hspacing: 0 1 2 3 5 	vspacing: 0 1 2 3 5 
		number of symmetries: 1
	hspacing: 0 1 2 3 5 	vspacing: 0 2 3 4 5 
		number of symmetries: 1
	hspacing: 0 1 2 4 5 	vspacing: 0 1 2 4 5 
		number of symmetries: 1
	hspacing: 0 1 2 4 5 	vspacing: 0 1 3 4 5 
		number of symmetries: 1
	hspacing: 0 1 3 4 5 	vspacing: 0 1 2 4 5 
		number of symmetries: 1
	hspacing: 0 1 3 4 5 	vspacing: 0 1 3 4 5 
		number of symmetries: 1
	hspacing: 0 2 3 4 5 	vspacing: 0 1 2 3 5 
		number of symmetries: 1
	hspacing: 0 2 3 4 5 	vspacing: 0 2 3 4 5 
		number of symmetries: 1
p: 4
e: 6
# spacings: 10
# spacing pairs: 8
	hspacing: 0 1 2 5 6 	vspacing: 0 1 2 5 6 
		number of symmetries: 1
	hspacing: 0 1 2 5 6 	vspacing: 0 1 4 5 6 
		number of symmetries: 1
	hspacing: 0 1 3 4 6 	vspacing: 0 1 3 4 6 
		number of symmetries: 1
	hspacing: 0 1 3 4 6 	vspacing: 0 2 3 5 6 
		number of symmetries: 1
	hspacing: 0 1 4 5 6 	vspacing: 0 1 2 5 6 
		number of symmetries: 1
	hspacing: 0 1 4 5 6 	vspacing: 0 1 4 5 6 
		number of symmetries: 1
	hspacing: 0 2 3 5 6 	vspacing: 0 1 3 4 6 
		number of symmetries: 1
	hspacing: 0 2 3 5 6 	vspacing: 0 2 3 5 6 
		number of symmetries: 1
p: 4
e: 7
# spacings: 20
# spacing pairs: 12
	hspacing: 0 1 2 6 7 	vspacing: 0 1 2 6 7 
		number of symmetries: 1
	hspacing: 0 1 2 6 7 	vspacing: 0 1 5 6 7 
		number of symmetries: 1
	hspacing: 0 1 3 4 7 	vspacing: 0 1 3 4 7 
		number of symmetries: 1
	hspacing: 0 1 3 4 7 	vspacing: 0 3 4 6 7 
		number of symmetries: 1
	hspacing: 0 1 5 6 7 	vspacing: 0 1 2 6 7 
		number of symmetries: 1
	hspacing: 0 1 5 6 7 	vspacing: 0 1 5 6 7 
		number of symmetries: 1
	hspacing: 0 2 3 5 7 	vspacing: 0 2 3 5 7 
		number of symmetries: 1
	hspacing: 0 2 3 5 7 	vspacing: 0 2 4 5 7 
		number of symmetries: 1
	hspacing: 0 2 4 5 7 	vspacing: 0 2 3 5 7 
		number of symmetries: 1
	hspacing: 0 2 4 5 7 	vspacing: 0 2 4 5 7 
		number of symmetries: 1
	hspacing: 0 3 4 6 7 	vspacing: 0 1 3 4 7 
		number of symmetries: 1
	hspacing: 0 3 4 6 7 	vspacing: 0 3 4 6 7 
		number of symmetries: 1
p: 4
e: 8
# spacings: 35
# spacing pairs: 13
	hspacing: 0 1 2 7 8 	vspacing: 0 1 2 7 8 
		number of symmetries: 1
	hspacing: 0 1 2 7 8 	vspacing: 0 1 6 7 8 
		number of symmetries: 1
	hspacing: 0 1 4 5 8 	vspacing: 0 1 4 5 8 
		number of symmetries: 1
	hspacing: 0 1 4 5 8 	vspacing: 0 3 4 7 8 
		number of symmetries: 1
	hspacing: 0 1 6 7 8 	vspacing: 0 1 2 7 8 
		number of symmetries: 1
	hspacing: 0 1 6 7 8 	vspacing: 0 1 6 7 8 
		number of symmetries: 1
	hspacing: 0 2 3 5 8 	vspacing: 0 2 3 5 8 
		number of symmetries: 1
	hspacing: 0 2 3 5 8 	vspacing: 0 3 5 6 8 
		number of symmetries: 1
	hspacing: 0 2 4 6 8 	vspacing: 0 2 4 6 8 
		number of symmetries: 2
	hspacing: 0 3 4 7 8 	vspacing: 0 1 4 5 8 
		number of symmetries: 1
	hspacing: 0 3 4 7 8 	vspacing: 0 3 4 7 8 
		number of symmetries: 1
	hspacing: 0 3 5 6 8 	vspacing: 0 2 3 5 8 
		number of symmetries: 1
	hspacing: 0 3 5 6 8 	vspacing: 0 3 5 6 8 
		number of symmetries: 1
p: 5
e: 5
# spacings: 1
# spacing pairs: 1
	hspacing: 0 1 2 3 4 5 	vspacing: 0 1 2 3 4 5 
		number of symmetries: 2
p: 5
e: 6
# spacings: 5
# spacing pairs: 1
	hspacing: 0 1 2 4 5 6 	vspacing: 0 1 2 4 5 6 
		number of symmetries: 2
p: 5
e: 7
# spacings: 15
# spacing pairs: 3
	hspacing: 0 1 2 5 6 7 	vspacing: 0 1 2 5 6 7 
		number of symmetries: 2
	hspacing: 0 1 3 4 6 7 	vspacing: 0 1 3 4 6 7 
		number of symmetries: 2
	hspacing: 0 2 3 4 5 7 	vspacing: 0 2 3 4 5 7 
		number of symmetries: 2
p: 5
e: 8
# spacings: 35
# spacing pairs: 2
	hspacing: 0 1 2 6 7 8 	vspacing: 0 1 2 6 7 8 
		number of symmetries: 2
	hspacing: 0 2 3 5 6 8 	vspacing: 0 2 3 5 6 8 
		number of symmetries: 2
p: 5
e: 9
# spacings: 70
# spacing pairs: 3
	hspacing: 0 1 2 7 8 9 	vspacing: 0 1 2 7 8 9 
		number of symmetries: 2
	hspacing: 0 1 4 5 8 9 	vspacing: 0 1 4 5 8 9 
		number of symmetries: 2
	hspacing: 0 2 4 5 7 9 	vspacing: 0 2 4 5 7 9 
		number of symmetries: 2
p: 5
e: 10
# spacings: 126
# spacing pairs: 3
	hspacing: 0 1 2 8 9 10 	vspacing: 0 1 2 8 9 10 
		number of symmetries: 2
	hspacing: 0 2 4 6 8 10 	vspacing: 0 2 4 6 8 10 
		number of symmetries: 2
	hspacing: 0 3 4 6 7 10 	vspacing: 0 3 4 6 7 10 
		number of symmetries: 2
p: 6
e: 6
# spacings: 1
# spacing pairs: 1
	hspacing: 0 1 2 3 4 5 6 	vspacing: 0 1 2 3 4 5 6 
		number of symmetries: 2
p: 6
e: 7
# spacings: 6
# spacing pairs: 12
	hspacing: 0 1 2 3 4 5 7 	vspacing: 0 1 2 3 4 5 7 
		number of symmetries: 1
	hspacing: 0 1 2 3 4 5 7 	vspacing: 0 2 3 4 5 6 7 
		number of symmetries: 1
	hspacing: 0 1 2 3 4 6 7 	vspacing: 0 1 2 3 4 6 7 
		number of symmetries: 1
	hspacing: 0 1 2 3 4 6 7 	vspacing: 0 1 3 4 5 6 7 
		number of symmetries: 1
	hspacing: 0 1 2 3 5 6 7 	vspacing: 0 1 2 3 5 6 7 
		number of symmetries: 1
	hspacing: 0 1 2 3 5 6 7 	vspacing: 0 1 2 4 5 6 7 
		number of symmetries: 1
	hspacing: 0 1 2 4 5 6 7 	vspacing: 0 1 2 3 5 6 7 
		number of symmetries: 1
	hspacing: 0 1 2 4 5 6 7 	vspacing: 0 1 2 4 5 6 7 
		number of symmetries: 1
	hspacing: 0 1 3 4 5 6 7 	vspacing: 0 1 2 3 4 6 7 
		number of symmetries: 1
	hspacing: 0 1 3 4 5 6 7 	vspacing: 0 1 3 4 5 6 7 
		number of symmetries: 1
	hspacing: 0 2 3 4 5 6 7 	vspacing: 0 1 2 3 4 5 7 
		number of symmetries: 1
	hspacing: 0 2 3 4 5 6 7 	vspacing: 0 2 3 4 5 6 7 
		number of symmetries: 1
p: 6
e: 8
# spacings: 21
# spacing pairs: 9
	hspacing: 0 1 2 3 5 6 8 	vspacing: 0 1 2 3 5 6 8 
		number of symmetries: 1
	hspacing: 0 1 2 3 5 6 8 	vspacing: 0 2 3 5 6 7 8 
		number of symmetries: 1
	hspacing: 0 1 2 3 6 7 8 	vspacing: 0 1 2 3 6 7 8 
		number of symmetries: 1
	hspacing: 0 1 2 3 6 7 8 	vspacing: 0 1 2 5 6 7 8 
		number of symmetries: 1
	hspacing: 0 1 2 5 6 7 8 	vspacing: 0 1 2 3 6 7 8 
		number of symmetries: 1
	hspacing: 0 1 2 5 6 7 8 	vspacing: 0 1 2 5 6 7 8 
		number of symmetries: 1
	hspacing: 0 1 3 4 5 7 8 	vspacing: 0 1 3 4 5 7 8 
		number of symmetries: 2
	hspacing: 0 2 3 5 6 7 8 	vspacing: 0 1 2 3 5 6 8 
		number of symmetries: 1
	hspacing: 0 2 3 5 6 7 8 	vspacing: 0 2 3 5 6 7 8 
		number of symmetries: 1
p: 6
e: 9
# spacings: 56
# spacing pairs: 16
	hspacing: 0 1 2 3 7 8 9 	vspacing: 0 1 2 3 7 8 9 
		number of symmetries: 1
	hspacing: 0 1 2 3 7 8 9 	vspacing: 0 1 2 6 7 8 9 
		number of symmetries: 1
	hspacing: 0 1 2 6 7 8 9 	vspacing: 0 1 2 3 7 8 9 
		number of symmetries: 1
	hspacing: 0 1 2 6 7 8 9 	vspacing: 0 1 2 6 7 8 9 
		number of symmetries: 1
	hspacing: 0 1 3 4 5 8 9 	vspacing: 0 1 3 4 5 8 9 
		number of symmetries: 1
	hspacing: 0 1 3 4 5 8 9 	vspacing: 0 1 4 5 6 8 9 
		number of symmetries: 1
	hspacing: 0 1 3 4 6 7 9 	vspacing: 0 1 3 4 6 7 9 
		number of symmetries: 1
	hspacing: 0 1 3 4 6 7 9 	vspacing: 0 2 3 5 6 8 9 
		number of symmetries: 1
	hspacing: 0 1 4 5 6 8 9 	vspacing: 0 1 3 4 5 8 9 
		number of symmetries: 1
	hspacing: 0 1 4 5 6 8 9 	vspacing: 0 1 4 5 6 8 9 
		number of symmetries: 1
	hspacing: 0 2 3 4 5 7 9 	vspacing: 0 2 3 4 5 7 9 
		number of symmetries: 1
	hspacing: 0 2 3 4 5 7 9 	vspacing: 0 2 4 5 6 7 9 
		number of symmetries: 1
	hspacing: 0 2 3 5 6 8 9 	vspacing: 0 1 3 4 6 7 9 
		number of symmetries: 1
	hspacing: 0 2 3 5 6 8 9 	vspacing: 0 2 3 5 6 8 9 
		number of symmetries: 1
	hspacing: 0 2 4 5 6 7 9 	vspacing: 0 2 3 4 5 7 9 
		number of symmetries: 1
	hspacing: 0 2 4 5 6 7 9 	vspacing: 0 2 4 5 6 7 9 
		number of symmetries: 1
p: 6
e: 10
# spacings: 126
# spacing pairs: 10
	hspacing: 0 1 2 3 8 9 10 	vspacing: 0 1 2 3 8 9 10 
		number of symmetries: 1
	hspacing: 0 1 2 3 8 9 10 	vspacing: 0 1 2 7 8 9 10 
		number of symmetries: 1
	hspacing: 0 1 2 7 8 9 10 	vspacing: 0 1 2 3 8 9 10 
		number of symmetries: 1
	hspacing: 0 1 2 7 8 9 10 	vspacing: 0 1 2 7 8 9 10 
		number of symmetries: 1
	hspacing: 0 1 3 4 6 7 10 	vspacing: 0 1 3 4 6 7 10 
		number of symmetries: 1
	hspacing: 0 1 3 4 6 7 10 	vspacing: 0 3 4 6 7 9 10 
		number of symmetries: 1
	hspacing: 0 1 4 5 6 9 10 	vspacing: 0 1 4 5 6 9 10 
		number of symmetries: 2
	hspacing: 0 2 3 5 7 8 10 	vspacing: 0 2 3 5 7 8 10 
		number of symmetries: 2
	hspacing: 0 3 4 6 7 9 10 	vspacing: 0 1 3 4 6 7 10 
		number of symmetries: 1
	hspacing: 0 3 4 6 7 9 10 	vspacing: 0 3 4 6 7 9 10 
		number of symmetries: 1
p: 6
e: 11
# spacings: 252
# spacing pairs: 20
	hspacing: 0 1 2 3 9 10 11 	vspacing: 0 1 2 3 9 10 11 
		number of symmetries: 1
	hspacing: 0 1 2 3 9 10 11 	vspacing: 0 1 2 8 9 10 11 
		number of symmetries: 1
	hspacing: 0 1 2 8 9 10 11 	vspacing: 0 1 2 3 9 10 11 
		number of symmetries: 1
	hspacing: 0 1 2 8 9 10 11 	vspacing: 0 1 2 8 9 10 11 
		number of symmetries: 1
	hspacing: 0 1 3 4 7 8 11 	vspacing: 0 1 3 4 7 8 11 
		number of symmetries: 1
	hspacing: 0 1 3 4 7 8 11 	vspacing: 0 3 4 7 8 10 11 
		number of symmetries: 1
	hspacing: 0 1 4 5 6 10 11 	vspacing: 0 1 4 5 6 10 11 
		number of symmetries: 1
	hspacing: 0 1 4 5 6 10 11 	vspacing: 0 1 5 6 7 10 11 
		number of symmetries: 1
	hspacing: 0 1 5 6 7 10 11 	vspacing: 0 1 4 5 6 10 11 
		number of symmetries: 1
	hspacing: 0 1 5 6 7 10 11 	vspacing: 0 1 5 6 7 10 11 
		number of symmetries: 1
	hspacing: 0 2 3 5 6 8 11 	vspacing: 0 2 3 5 6 8 11 
		number of symmetries: 1
	hspacing: 0 2 3 5 6 8 11 	vspacing: 0 3 5 6 8 9 11 
		number of symmetries: 1
	hspacing: 0 2 4 5 7 9 11 	vspacing: 0 2 4 5 7 9 11 
		number of symmetries: 1
	hspacing: 0 2 4 5 7 9 11 	vspacing: 0 2 4 6 7 9 11 
		number of symmetries: 1
	hspacing: 0 2 4 6 7 9 11 	vspacing: 0 2 4 5 7 9 11 
		number of symmetries: 1
	hspacing: 0 2 4 6 7 9 11 	vspacing: 0 2 4 6 7 9 11 
		number of symmetries: 1
	hspacing: 0 3 4 7 8 10 11 	vspacing: 0 1 3 4 7 8 11 
		number of symmetries: 1
	hspacing: 0 3 4 7 8 10 11 	vspacing: 0 3 4 7 8 10 11 
		number of symmetries: 1
	hspacing: 0 3 5 6 8 9 11 	vspacing: 0 2 3 5 6 8 11 
		number of symmetries: 1
	hspacing: 0 3 5 6 8 9 11 	vspacing: 0 3 5 6 8 9 11 
		number of symmetries: 1
p: 6
e: 12
# spacings: 462
# spacing pairs: 14
	hspacing: 0 1 2 3 10 11 12 	vspacing: 0 1 2 3 10 11 12 
		number of symmetries: 1
	hspacing: 0 1 2 3 10 11 12 	vspacing: 0 1 2 9 10 11 12 
		number of symmetries: 1
	hspacing: 0 1 2 9 10 11 12 	vspacing: 0 1 2 3 10 11 12 
		number of symmetries: 1
	hspacing: 0 1 2 9 10 11 12 	vspacing: 0 1 2 9 10 11 12 
		number of symmetries: 1
	hspacing: 0 1 4 5 8 9 12 	vspacing: 0 1 4 5 8 9 12 
		number of symmetries: 1
	hspacing: 0 1 4 5 8 9 12 	vspacing: 0 3 4 7 8 11 12 
		number of symmetries: 1
	hspacing: 0 1 5 6 7 11 12 	vspacing: 0 1 5 6 7 11 12 
		number of symmetries: 2
	hspacing: 0 2 3 5 7 10 12 	vspacing: 0 2 3 5 7 10 12 
		number of symmetries: 1
	hspacing: 0 2 3 5 7 10 12 	vspacing: 0 2 5 7 9 10 12 
		number of symmetries: 1
	hspacing: 0 2 4 6 8 10 12 	vspacing: 0 2 4 6 8 10 12 
		number of symmetries: 2
	hspacing: 0 2 5 7 9 10 12 	vspacing: 0 2 3 5 7 10 12 
		number of symmetries: 1
	hspacing: 0 2 5 7 9 10 12 	vspacing: 0 2 5 7 9 10 12 
		number of symmetries: 1
	hspacing: 0 3 4 7 8 11 12 	vspacing: 0 1 4 5 8 9 12 
		number of symmetries: 1
	hspacing: 0 3 4 7 8 11 12 	vspacing: 0 3 4 7 8 11 12 
		number of symmetries: 1
p: 7
e: 7
# spacings: 1
# spacing pairs: 1
	hspacing: 0 1 2 3 4 5 6 7 	vspacing: 0 1 2 3 4 5 6 7 
		number of symmetries: 2
p: 7
e: 8
# spacings: 7
# spacing pairs: 1
	hspacing: 0 1 2 3 5 6 7 8 	vspacing: 0 1 2 3 5 6 7 8 
		number of symmetries: 2
p: 7
e: 9
# spacings: 28
# spacing pairs: 4
	hspacing: 0 1 2 3 6 7 8 9 	vspacing: 0 1 2 3 6 7 8 9 
		number of symmetries: 2
	hspacing: 0 1 2 4 5 7 8 9 	vspacing: 0 1 2 4 5 7 8 9 
		number of symmetries: 2
	hspacing: 0 1 3 4 5 6 8 9 	vspacing: 0 1 3 4 5 6 8 9 
		number of symmetries: 2
	hspacing: 0 2 3 4 5 6 7 9 	vspacing: 0 2 3 4 5 6 7 9 
		number of symmetries: 2
p: 7
e: 10
# spacings: 84
# spacing pairs: 2
	hspacing: 0 1 2 3 7 8 9 10 	vspacing: 0 1 2 3 7 8 9 10 
		number of symmetries: 2
	hspacing: 0 1 3 4 6 7 9 10 	vspacing: 0 1 3 4 6 7 9 10 
		number of symmetries: 2
p: 7
e: 11
# spacings: 210
# spacing pairs: 5
	hspacing: 0 1 2 3 8 9 10 11 	vspacing: 0 1 2 3 8 9 10 11 
		number of symmetries: 2
	hspacing: 0 1 3 4 7 8 10 11 	vspacing: 0 1 3 4 7 8 10 11 
		number of symmetries: 2
	hspacing: 0 1 4 5 6 7 10 11 	vspacing: 0 1 4 5 6 7 10 11 
		number of symmetries: 2
	hspacing: 0 2 3 5 6 8 9 11 	vspacing: 0 2 3 5 6 8 9 11 
		number of symmetries: 2
	hspacing: 0 2 4 5 6 7 9 11 	vspacing: 0 2 4 5 6 7 9 11 
		number of symmetries: 2
p: 7
e: 12
# spacings: 462
# spacing pairs: 5
	hspacing: 0 1 2 3 9 10 11 12 	vspacing: 0 1 2 3 9 10 11 12 
		number of symmetries: 2
	hspacing: 0 1 3 4 8 9 11 12 	vspacing: 0 1 3 4 8 9 11 12 
		number of symmetries: 2
	hspacing: 0 1 4 5 7 8 11 12 	vspacing: 0 1 4 5 7 8 11 12 
		number of symmetries: 2
	hspacing: 0 2 3 5 7 9 10 12 	vspacing: 0 2 3 5 7 9 10 12 
		number of symmetries: 2
	hspacing: 0 3 4 5 7 8 9 12 	vspacing: 0 3 4 5 7 8 9 12 
		number of symmetries: 2
p: 7
e: 13
# spacings: 924
# spacing pairs: 8
	hspacing: 0 1 2 3 10 11 12 13 	vspacing: 0 1 2 3 10 11 12 13 
		number of symmetries: 2
	hspacing: 0 1 3 4 9 10 12 13 	vspacing: 0 1 3 4 9 10 12 13 
		number of symmetries: 2
	hspacing: 0 1 4 5 8 9 12 13 	vspacing: 0 1 4 5 8 9 12 13 
		number of symmetries: 2
	hspacing: 0 1 5 6 7 8 12 13 	vspacing: 0 1 5 6 7 8 12 13 
		number of symmetries: 2
	hspacing: 0 2 3 5 8 10 11 13 	vspacing: 0 2 3 5 8 10 11 13 
		number of symmetries: 2
	hspacing: 0 2 4 6 7 9 11 13 	vspacing: 0 2 4 6 7 9 11 13 
		number of symmetries: 2
	hspacing: 0 2 5 6 7 8 11 13 	vspacing: 0 2 5 6 7 8 11 13 
		number of symmetries: 2
	hspacing: 0 3 4 6 7 9 10 13 	vspacing: 0 3 4 6 7 9 10 13 
		number of symmetries: 2
p: 7
e: 14
# spacings: 1716
# spacing pairs: 7
	hspacing: 0 1 2 3 11 12 13 14 	vspacing: 0 1 2 3 11 12 13 14 
		number of symmetries: 2
	hspacing: 0 1 3 4 10 11 13 14 	vspacing: 0 1 3 4 10 11 13 14 
		number of symmetries: 2
	hspacing: 0 1 4 5 9 10 13 14 	vspacing: 0 1 4 5 9 10 13 14 
		number of symmetries: 2
	hspacing: 0 1 5 6 8 9 13 14 	vspacing: 0 1 5 6 8 9 13 14 
		number of symmetries: 2
	hspacing: 0 2 3 5 9 11 12 14 	vspacing: 0 2 3 5 9 11 12 14 
		number of symmetries: 2
	hspacing: 0 2 4 6 8 10 12 14 	vspacing: 0 2 4 6 8 10 12 14 
		number of symmetries: 2
	hspacing: 0 3 5 6 8 9 11 14 	vspacing: 0 3 5 6 8 9 11 14 
		number of symmetries: 2
p: 8
e: 8
# spacings: 1
# spacing pairs: 1
	hspacing: 0 1 2 3 4 5 6 7 8 	vspacing: 0 1 2 3 4 5 6 7 8 
		number of symmetries: 2
p: 8
e: 9
# spacings: 8
# spacing pairs: 16
	hspacing: 0 1 2 3 4 5 6 7 9 	vspacing: 0 1 2 3 4 5 6 7 9 
		number of symmetries: 1
	hspacing: 0 1 2 3 4 5 6 7 9 	vspacing: 0 2 3 4 5 6 7 8 9 
		number of symmetries: 1
	hspacing: 0 1 2 3 4 5 6 8 9 	vspacing: 0 1 2 3 4 5 6 8 9 
		number of symmetries: 1
	hspacing: 0 1 2 3 4 5 6 8 9 	vspacing: 0 1 3 4 5 6 7 8 9 
		number of symmetries: 1
	hspacing: 0 1 2 3 4 5 7 8 9 	vspacing: 0 1 2 3 4 5 7 8 9 
		number of symmetries: 1
	hspacing: 0 1 2 3 4 5 7 8 9 	vspacing: 0 1 2 4 5 6 7 8 9 
		number of symmetries: 1
	hspacing: 0 1 2 3 4 6 7 8 9 	vspacing: 0 1 2 3 4 6 7 8 9 
		number of symmetries: 1
	hspacing: 0 1 2 3 4 6 7 8 9 	vspacing: 0 1 2 3 5 6 7 8 9 
		number of symmetries: 1
	hspacing: 0 1 2 3 5 6 7 8 9 	vspacing: 0 1 2 3 4 6 7 8 9 
		number of symmetries: 1
	hspacing: 0 1 2 3 5 6 7 8 9 	vspacing: 0 1 2 3 5 6 7 8 9 
		number of symmetries: 1
	hspacing: 0 1 2 4 5 6 7 8 9 	vspacing: 0 1 2 3 4 5 7 8 9 
		number of symmetries: 1
	hspacing: 0 1 2 4 5 6 7 8 9 	vspacing: 0 1 2 4 5 6 7 8 9 
		number of symmetries: 1
	hspacing: 0 1 3 4 5 6 7 8 9 	vspacing: 0 1 2 3 4 5 6 8 9 
		number of symmetries: 1
	hspacing: 0 1 3 4 5 6 7 8 9 	vspacing: 0 1 3 4 5 6 7 8 9 
		number of symmetries: 1
	hspacing: 0 2 3 4 5 6 7 8 9 	vspacing: 0 1 2 3 4 5 6 7 9 
		number of symmetries: 1
	hspacing: 0 2 3 4 5 6 7 8 9 	vspacing: 0 2 3 4 5 6 7 8 9 
		number of symmetries: 1
p: 8
e: 10
# spacings: 36
# spacing pairs: 16
	hspacing: 0 1 2 3 4 6 7 9 10 	vspacing: 0 1 2 3 4 6 7 9 10 
		number of symmetries: 1
	hspacing: 0 1 2 3 4 6 7 9 10 	vspacing: 0 1 3 4 6 7 8 9 10 
		number of symmetries: 1
	hspacing: 0 1 2 3 4 7 8 9 10 	vspacing: 0 1 2 3 4 7 8 9 10 
		number of symmetries: 1
	hspacing: 0 1 2 3 4 7 8 9 10 	vspacing: 0 1 2 3 6 7 8 9 10 
		number of symmetries: 1
	hspacing: 0 1 2 3 5 6 7 8 10 	vspacing: 0 1 2 3 5 6 7 8 10 
		number of symmetries: 1
	hspacing: 0 1 2 3 5 6 7 8 10 	vspacing: 0 2 3 4 5 7 8 9 10 
		number of symmetries: 1
	hspacing: 0 1 2 3 6 7 8 9 10 	vspacing: 0 1 2 3 4 7 8 9 10 
		number of symmetries: 1
	hspacing: 0 1 2 3 6 7 8 9 10 	vspacing: 0 1 2 3 6 7 8 9 10 
		number of symmetries: 1
	hspacing: 0 1 2 4 5 6 7 9 10 	vspacing: 0 1 2 4 5 6 7 9 10 
		number of symmetries: 1
	hspacing: 0 1 2 4 5 6 7 9 10 	vspacing: 0 1 3 4 5 6 8 9 10 
		number of symmetries: 1
	hspacing: 0 1 3 4 5 6 8 9 10 	vspacing: 0 1 2 4 5 6 7 9 10 
		number of symmetries: 1
	hspacing: 0 1 3 4 5 6 8 9 10 	vspacing: 0 1 3 4 5 6 8 9 10 
		number of symmetries: 1
	hspacing: 0 1 3 4 6 7 8 9 10 	vspacing: 0 1 2 3 4 6 7 9 10 
		number of symmetries: 1
	hspacing: 0 1 3 4 6 7 8 9 10 	vspacing: 0 1 3 4 6 7 8 9 10 
		number of symmetries: 1
	hspacing: 0 2 3 4 5 7 8 9 10 	vspacing: 0 1 2 3 5 6 7 8 10 
		number of symmetries: 1
	hspacing: 0 2 3 4 5 7 8 9 10 	vspacing: 0 2 3 4 5 7 8 9 10 
		number of symmetries: 1
p: 8
e: 11
# spacings: 120
# spacing pairs: 20
	hspacing: 0 1 2 3 4 8 9 10 11 	vspacing: 0 1 2 3 4 8 9 10 11 
		number of symmetries: 1
	hspacing: 0 1 2 3 4 8 9 10 11 	vspacing: 0 1 2 3 7 8 9 10 11 
		number of symmetries: 1
	hspacing: 0 1 2 3 5 6 8 9 11 	vspacing: 0 1 2 3 5 6 8 9 11 
		number of symmetries: 1
	hspacing: 0 1 2 3 5 6 8 9 11 	vspacing: 0 2 3 5 6 8 9 10 11 
		number of symmetries: 1
	hspacing: 0 1 2 3 7 8 9 10 11 	vspacing: 0 1 2 3 4 8 9 10 11 
		number of symmetries: 1
	hspacing: 0 1 2 3 7 8 9 10 11 	vspacing: 0 1 2 3 7 8 9 10 11 
		number of symmetries: 1
	hspacing: 0 1 2 4 5 6 7 10 11 	vspacing: 0 1 2 4 5 6 7 10 11 
		number of symmetries: 1
	hspacing: 0 1 2 4 5 6 7 10 11 	vspacing: 0 1 4 5 6 7 9 10 11 
		number of symmetries: 1
	hspacing: 0 1 3 4 5 7 8 10 11 	vspacing: 0 1 3 4 5 7 8 10 11 
		number of symmetries: 1
	hspacing: 0 1 3 4 5 7 8 10 11 	vspacing: 0 1 3 4 6 7 8 10 11 
		number of symmetries: 1
	hspacing: 0 1 3 4 6 7 8 10 11 	vspacing: 0 1 3 4 5 7 8 10 11 
		number of symmetries: 1
	hspacing: 0 1 3 4 6 7 8 10 11 	vspacing: 0 1 3 4 6 7 8 10 11 
		number of symmetries: 1
	hspacing: 0 1 4 5 6 7 9 10 11 	vspacing: 0 1 2 4 5 6 7 10 11 
		number of symmetries: 1
	hspacing: 0 1 4 5 6 7 9 10 11 	vspacing: 0 1 4 5 6 7 9 10 11 
		number of symmetries: 1
	hspacing: 0 2 3 4 5 6 7 9 11 	vspacing: 0 2 3 4 5 6 7 9 11 
		number of symmetries: 1
	hspacing: 0 2 3 4 5 6 7 9 11 	vspacing: 0 2 4 5 6 7 8 9 11 
		number of symmetries: 1
	hspacing: 0 2 3 5 6 8 9 10 11 	vspacing: 0 1 2 3 5 6 8 9 11 
		number of symmetries: 1
	hspacing: 0 2 3 5 6 8 9 10 11 	vspacing: 0 2 3 5 6 8 9 10 11 
		number of symmetries: 1
	hspacing: 0 2 4 5 6 7 8 9 11 	vspacing: 0 2 3 4 5 6 7 9 11 
		number of symmetries: 1
	hspacing: 0 2 4 5 6 7 8 9 11 	vspacing: 0 2 4 5 6 7 8 9 11 
		number of symmetries: 1
p: 8
e: 12
# spacings: 330
# spacing pairs: 28
	hspacing: 0 1 2 3 4 9 10 11 12 	vspacing: 0 1 2 3 4 9 10 11 12 
		number of symmetries: 1
	hspacing: 0 1 2 3 4 9 10 11 12 	vspacing: 0 1 2 3 8 9 10 11 12 
		number of symmetries: 1
	hspacing: 0 1 2 3 8 9 10 11 12 	vspacing: 0 1 2 3 4 9 10 11 12 
		number of symmetries: 1
	hspacing: 0 1 2 3 8 9 10 11 12 	vspacing: 0 1 2 3 8 9 10 11 12 
		number of symmetries: 1
	hspacing: 0 1 2 5 6 7 8 11 12 	vspacing: 0 1 2 5 6 7 8 11 12 
		number of symmetries: 1
	hspacing: 0 1 2 5 6 7 8 11 12 	vspacing: 0 1 4 5 6 7 10 11 12 
		number of symmetries: 1
	hspacing: 0 1 3 4 5 7 8 9 12 	vspacing: 0 1 3 4 5 7 8 9 12 
		number of symmetries: 1
	hspacing: 0 1 3 4 5 7 8 9 12 	vspacing: 0 3 4 5 7 8 9 11 12 
		number of symmetries: 1
	hspacing: 0 1 3 4 5 7 8 11 12 	vspacing: 0 1 3 4 5 7 8 11 12 
		number of symmetries: 1
	hspacing: 0 1 3 4 5 7 8 11 12 	vspacing: 0 1 4 5 7 8 9 11 12 
		number of symmetries: 1
	hspacing: 0 1 3 4 5 8 9 11 12 	vspacing: 0 1 3 4 5 8 9 11 12 
		number of symmetries: 1
	hspacing: 0 1 3 4 5 8 9 11 12 	vspacing: 0 1 3 4 7 8 9 11 12 
		number of symmetries: 1
	hspacing: 0 1 3 4 6 7 9 10 12 	vspacing: 0 1 3 4 6 7 9 10 12 
		number of symmetries: 1
	hspacing: 0 1 3 4 6 7 9 10 12 	vspacing: 0 2 3 5 6 8 9 11 12 
		number of symmetries: 1
	hspacing: 0 1 3 4 7 8 9 11 12 	vspacing: 0 1 3 4 5 8 9 11 12 
		number of symmetries: 1
	hspacing: 0 1 3 4 7 8 9 11 12 	vspacing: 0 1 3 4 7 8 9 11 12 
		number of symmetries: 1
	hspacing: 0 1 4 5 6 7 10 11 12 	vspacing: 0 1 2 5 6 7 8 11 12 
		number of symmetries: 1
	hspacing: 0 1 4 5 6 7 10 11 12 	vspacing: 0 1 4 5 6 7 10 11 12 
		number of symmetries: 1
	hspacing: 0 1 4 5 7 8 9 11 12 	vspacing: 0 1 3 4 5 7 8 11 12 
		number of symmetries: 1
	hspacing: 0 1 4 5 7 8 9 11 12 	vspacing: 0 1 4 5 7 8 9 11 12 
		number of symmetries: 1
	hspacing: 0 2 3 4 5 7 9 10 12 	vspacing: 0 2 3 4 5 7 9 10 12 
		number of symmetries: 1
	hspacing: 0 2 3 4 5 7 9 10 12 	vspacing: 0 2 3 5 7 8 9 10 12 
		number of symmetries: 1
	hspacing: 0 2 3 5 6 8 9 11 12 	vspacing: 0 1 3 4 6 7 9 10 12 
		number of symmetries: 1
	hspacing: 0 2 3 5 6 8 9 11 12 	vspacing: 0 2 3 5 6 8 9 11 12 
		number of symmetries: 1
	hspacing: 0 2 3 5 7 8 9 10 12 	vspacing: 0 2 3 4 5 7 9 10 12 
		number of symmetries: 1
	hspacing: 0 2 3 5 7 8 9 10 12 	vspacing: 0 2 3 5 7 8 9 10 12 
		number of symmetries: 1
	hspacing: 0 3 4 5 7 8 9 11 12 	vspacing: 0 1 3 4 5 7 8 9 12 
		number of symmetries: 1
	hspacing: 0 3 4 5 7 8 9 11 12 	vspacing: 0 3 4 5 7 8 9 11 12 
		number of symmetries: 1
p: 8
e: 13
# spacings: 792
# spacing pairs: 24
	hspacing: 0 1 2 3 4 10 11 12 13 	vspacing: 0 1 2 3 4 10 11 12 13 
		number of symmetries: 1
	hspacing: 0 1 2 3 4 10 11 12 13 	vspacing: 0 1 2 3 9 10 11 12 13 
		number of symmetries: 1
	hspacing: 0 1 2 3 9 10 11 12 13 	vspacing: 0 1 2 3 4 10 11 12 13 
		number of symmetries: 1
	hspacing: 0 1 2 3 9 10 11 12 13 	vspacing: 0 1 2 3 9 10 11 12 13 
		number of symmetries: 1
	hspacing: 0 1 2 5 6 7 8 12 13 	vspacing: 0 1 2 5 6 7 8 12 13 
		number of symmetries: 1
	hspacing: 0 1 2 5 6 7 8 12 13 	vspacing: 0 1 5 6 7 8 11 12 13 
		number of symmetries: 1
	hspacing: 0 1 3 4 5 8 9 12 13 	vspacing: 0 1 3 4 5 8 9 12 13 
		number of symmetries: 1
	hspacing: 0 1 3 4 5 8 9 12 13 	vspacing: 0 1 4 5 8 9 10 12 13 
		number of symmetries: 1
	hspacing: 0 1 3 4 6 7 9 10 13 	vspacing: 0 1 3 4 6 7 9 10 13 
		number of symmetries: 1
	hspacing: 0 1 3 4 6 7 9 10 13 	vspacing: 0 3 4 6 7 9 10 12 13 
		number of symmetries: 1
	hspacing: 0 1 4 5 8 9 10 12 13 	vspacing: 0 1 3 4 5 8 9 12 13 
		number of symmetries: 1
	hspacing: 0 1 4 5 8 9 10 12 13 	vspacing: 0 1 4 5 8 9 10 12 13 
		number of symmetries: 1
	hspacing: 0 1 5 6 7 8 11 12 13 	vspacing: 0 1 2 5 6 7 8 12 13 
		number of symmetries: 1
	hspacing: 0 1 5 6 7 8 11 12 13 	vspacing: 0 1 5 6 7 8 11 12 13 
		number of symmetries: 1
	hspacing: 0 2 3 5 6 8 10 11 13 	vspacing: 0 2 3 5 6 8 10 11 13 
		number of symmetries: 1
	hspacing: 0 2 3 5 6 8 10 11 13 	vspacing: 0 2 3 5 7 8 10 11 13 
		number of symmetries: 1
	hspacing: 0 2 3 5 7 8 10 11 13 	vspacing: 0 2 3 5 6 8 10 11 13 
		number of symmetries: 1
	hspacing: 0 2 3 5 7 8 10 11 13 	vspacing: 0 2 3 5 7 8 10 11 13 
		number of symmetries: 1
	hspacing: 0 2 4 5 6 7 9 11 13 	vspacing: 0 2 4 5 6 7 9 11 13 
		number of symmetries: 1
	hspacing: 0 2 4 5 6 7 9 11 13 	vspacing: 0 2 4 6 7 8 9 11 13 
		number of symmetries: 1
	hspacing: 0 2 4 6 7 8 9 11 13 	vspacing: 0 2 4 5 6 7 9 11 13 
		number of symmetries: 1
	hspacing: 0 2 4 6 7 8 9 11 13 	vspacing: 0 2 4 6 7 8 9 11 13 
		number of symmetries: 1
	hspacing: 0 3 4 6 7 9 10 12 13 	vspacing: 0 1 3 4 6 7 9 10 13 
		number of symmetries: 1
	hspacing: 0 3 4 6 7 9 10 12 13 	vspacing: 0 3 4 6 7 9 10 12 13 
		number of symmetries: 1
p: 8
e: 14
# spacings: 1716
# spacing pairs: 24
	hspacing: 0 1 2 3 4 11 12 13 14 	vspacing: 0 1 2 3 4 11 12 13 14 
		number of symmetries: 1
	hspacing: 0 1 2 3 4 11 12 13 14 	vspacing: 0 1 2 3 10 11 12 13 14 
		number of symmetries: 1
	hspacing: 0 1 2 3 10 11 12 13 14 	vspacing: 0 1 2 3 4 11 12 13 14 
		number of symmetries: 1
	hspacing: 0 1 2 3 10 11 12 13 14 	vspacing: 0 1 2 3 10 11 12 13 14 
		number of symmetries: 1
	hspacing: 0 1 2 6 7 8 9 13 14 	vspacing: 0 1 2 6 7 8 9 13 14 
		number of symmetries: 1
	hspacing: 0 1 2 6 7 8 9 13 14 	vspacing: 0 1 5 6 7 8 12 13 14 
		number of symmetries: 1
	hspacing: 0 1 3 4 7 8 10 11 14 	vspacing: 0 1 3 4 7 8 10 11 14 
		number of symmetries: 1
	hspacing: 0 1 3 4 7 8 10 11 14 	vspacing: 0 3 4 6 7 10 11 13 14 
		number of symmetries: 1
	hspacing: 0 1 4 5 6 9 10 13 14 	vspacing: 0 1 4 5 6 9 10 13 14 
		number of symmetries: 1
	hspacing: 0 1 4 5 6 9 10 13 14 	vspacing: 0 1 4 5 8 9 10 13 14 
		number of symmetries: 1
	hspacing: 0 1 4 5 8 9 10 13 14 	vspacing: 0 1 4 5 6 9 10 13 14 
		number of symmetries: 1
	hspacing: 0 1 4 5 8 9 10 13 14 	vspacing: 0 1 4 5 8 9 10 13 14 
		number of symmetries: 1
	hspacing: 0 1 5 6 7 8 12 13 14 	vspacing: 0 1 2 6 7 8 9 13 14 
		number of symmetries: 1
	hspacing: 0 1 5 6 7 8 12 13 14 	vspacing: 0 1 5 6 7 8 12 13 14 
		number of symmetries: 1
	hspacing: 0 2 3 5 6 8 9 11 14 	vspacing: 0 2 3 5 6 8 9 11 14 
		number of symmetries: 1
	hspacing: 0 2 3 5 6 8 9 11 14 	vspacing: 0 3 5 6 8 9 11 12 14 
		number of symmetries: 1
	hspacing: 0 2 3 5 7 9 10 12 14 	vspacing: 0 2 3 5 7 9 10 12 14 
		number of symmetries: 1
	hspacing: 0 2 3 5 7 9 10 12 14 	vspacing: 0 2 4 5 7 9 11 12 14 
		number of symmetries: 1
	hspacing: 0 2 4 5 7 9 11 12 14 	vspacing: 0 2 3 5 7 9 10 12 14 
		number of symmetries: 1
	hspacing: 0 2 4 5 7 9 11 12 14 	vspacing: 0 2 4 5 7 9 11 12 14 
		number of symmetries: 1
	hspacing: 0 3 4 6 7 10 11 13 14 	vspacing: 0 1 3 4 7 8 10 11 14 
		number of symmetries: 1
	hspacing: 0 3 4 6 7 10 11 13 14 	vspacing: 0 3 4 6 7 10 11 13 14 
		number of symmetries: 1
	hspacing: 0 3 5 6 8 9 11 12 14 	vspacing: 0 2 3 5 6 8 9 11 14 
		number of symmetries: 1
	hspacing: 0 3 5 6 8 9 11 12 14 	vspacing: 0 3 5 6 8 9 11 12 14 
		number of symmetries: 1
p: 8
e: 15
# spacings: 3432
# spacing pairs: 40
	hspacing: 0 1 2 3 4 12 13 14 15 	vspacing: 0 1 2 3 4 12 13 14 15 
		number of symmetries: 1
	hspacing: 0 1 2 3 4 12 13 14 15 	vspacing: 0 1 2 3 11 12 13 14 15 
		number of symmetries: 1
	hspacing: 0 1 2 3 11 12 13 14 15 	vspacing: 0 1 2 3 4 12 13 14 15 
		number of symmetries: 1
	hspacing: 0 1 2 3 11 12 13 14 15 	vspacing: 0 1 2 3 11 12 13 14 15 
		number of symmetries: 1
	hspacing: 0 1 2 6 7 8 9 14 15 	vspacing: 0 1 2 6 7 8 9 14 15 
		number of symmetries: 1
	hspacing: 0 1 2 6 7 8 9 14 15 	vspacing: 0 1 6 7 8 9 13 14 15 
		number of symmetries: 1
	hspacing: 0 1 3 4 7 8 11 12 15 	vspacing: 0 1 3 4 7 8 11 12 15 
		number of symmetries: 1
	hspacing: 0 1 3 4 7 8 11 12 15 	vspacing: 0 3 4 7 8 11 12 14 15 
		number of symmetries: 1
	hspacing: 0 1 4 5 6 9 10 11 15 	vspacing: 0 1 4 5 6 9 10 11 15 
		number of symmetries: 1
	hspacing: 0 1 4 5 6 9 10 11 15 	vspacing: 0 4 5 6 9 10 11 14 15 
		number of symmetries: 1
	hspacing: 0 1 4 5 6 9 10 14 15 	vspacing: 0 1 4 5 6 9 10 14 15 
		number of symmetries: 1
	hspacing: 0 1 4 5 6 9 10 14 15 	vspacing: 0 1 5 6 9 10 11 14 15 
		number of symmetries: 1
	hspacing: 0 1 4 5 6 10 11 14 15 	vspacing: 0 1 4 5 6 10 11 14 15 
		number of symmetries: 1
	hspacing: 0 1 4 5 6 10 11 14 15 	vspacing: 0 1 4 5 9 10 11 14 15 
		number of symmetries: 1
	hspacing: 0 1 4 5 9 10 11 14 15 	vspacing: 0 1 4 5 6 10 11 14 15 
		number of symmetries: 1
	hspacing: 0 1 4 5 9 10 11 14 15 	vspacing: 0 1 4 5 9 10 11 14 15 
		number of symmetries: 1
	hspacing: 0 1 5 6 9 10 11 14 15 	vspacing: 0 1 4 5 6 9 10 14 15 
		number of symmetries: 1
	hspacing: 0 1 5 6 9 10 11 14 15 	vspacing: 0 1 5 6 9 10 11 14 15 
		number of symmetries: 1
	hspacing: 0 1 6 7 8 9 13 14 15 	vspacing: 0 1 2 6 7 8 9 14 15 
		number of symmetries: 1
	hspacing: 0 1 6 7 8 9 13 14 15 	vspacing: 0 1 6 7 8 9 13 14 15 
		number of symmetries: 1
	hspacing: 0 2 3 5 7 8 10 12 15 	vspacing: 0 2 3 5 7 8 10 12 15 
		number of symmetries: 1
	hspacing: 0 2 3 5 7 8 10 12 15 	vspacing: 0 3 5 7 8 10 12 13 15 
		number of symmetries: 1
	hspacing: 0 2 3 5 7 8 10 13 15 	vspacing: 0 2 3 5 7 8 10 13 15 
		number of symmetries: 1
	hspacing: 0 2 3 5 7 8 10 13 15 	vspacing: 0 2 5 7 8 10 12 13 15 
		number of symmetries: 1
	hspacing: 0 2 3 5 7 10 12 13 15 	vspacing: 0 2 3 5 7 10 12 13 15 
		number of symmetries: 1
	hspacing: 0 2 3 5 7 10 12 13 15 	vspacing: 0 2 3 5 8 10 12 13 15 
		number of symmetries: 1
	hspacing: 0 2 3 5 8 10 12 13 15 	vspacing: 0 2 3 5 7 10 12 13 15 
		number of symmetries: 1
	hspacing: 0 2 3 5 8 10 12 13 15 	vspacing: 0 2 3 5 8 10 12 13 15 
		number of symmetries: 1
	hspacing: 0 2 4 6 7 9 11 13 15 	vspacing: 0 2 4 6 7 9 11 13 15 
		number of symmetries: 1
	hspacing: 0 2 4 6 7 9 11 13 15 	vspacing: 0 2 4 6 8 9 11 13 15 
		number of symmetries: 1
	hspacing: 0 2 4 6 8 9 11 13 15 	vspacing: 0 2 4 6 7 9 11 13 15 
		number of symmetries: 1
	hspacing: 0 2 4 6 8 9 11 13 15 	vspacing: 0 2 4 6 8 9 11 13 15 
		number of symmetries: 1
	hspacing: 0 2 5 7 8 10 12 13 15 	vspacing: 0 2 3 5 7 8 10 13 15 
		number of symmetries: 1
	hspacing: 0 2 5 7 8 10 12 13 15 	vspacing: 0 2 5 7 8 10 12 13 15 
		number of symmetries: 1
	hspacing: 0 3 4 7 8 11 12 14 15 	vspacing: 0 1 3 4 7 8 11 12 15 
		number of symmetries: 1
	hspacing: 0 3 4 7 8 11 12 14 15 	vspacing: 0 3 4 7 8 11 12 14 15 
		number of symmetries: 1
	hspacing: 0 3 5 7 8 10 12 13 15 	vspacing: 0 2 3 5 7 8 10 12 15 
		number of symmetries: 1
	hspacing: 0 3 5 7 8 10 12 13 15 	vspacing: 0 3 5 7 8 10 12 13 15 
		number of symmetries: 1
	hspacing: 0 4 5 6 9 10 11 14 15 	vspacing: 0 1 4 5 6 9 10 11 15 
		number of symmetries: 1
	hspacing: 0 4 5 6 9 10 11 14 15 	vspacing: 0 4 5 6 9 10 11 14 15 
		number of symmetries: 1
p: 8
e: 16
# spacings: 6435
# spacing pairs: 29
	hspacing: 0 1 2 3 4 13 14 15 16 	vspacing: 0 1 2 3 4 13 14 15 16 
		number of symmetries: 1
	hspacing: 0 1 2 3 4 13 14 15 16 	vspacing: 0 1 2 3 12 13 14 15 16 
		number of symmetries: 1
	hspacing: 0 1 2 3 12 13 14 15 16 	vspacing: 0 1 2 3 4 13 14 15 16 
		number of symmetries: 1
	hspacing: 0 1 2 3 12 13 14 15 16 	vspacing: 0 1 2 3 12 13 14 15 16 
		number of symmetries: 1
	hspacing: 0 1 2 7 8 9 10 15 16 	vspacing: 0 1 2 7 8 9 10 15 16 
		number of symmetries: 1
	hspacing: 0 1 2 7 8 9 10 15 16 	vspacing: 0 1 6 7 8 9 14 15 16 
		number of symmetries: 1
	hspacing: 0 1 4 5 6 10 11 15 16 	vspacing: 0 1 4 5 6 10 11 15 16 
		number of symmetries: 1
	hspacing: 0 1 4 5 6 10 11 15 16 	vspacing: 0 1 5 6 10 11 12 15 16 
		number of symmetries: 1
	hspacing: 0 1 4 5 8 9 12 13 16 	vspacing: 0 1 4 5 8 9 12 13 16 
		number of symmetries: 1
	hspacing: 0 1 4 5 8 9 12 13 16 	vspacing: 0 3 4 7 8 11 12 15 16 
		number of symmetries: 1
	hspacing: 0 1 5 6 10 11 12 15 16 	vspacing: 0 1 4 5 6 10 11 15 16 
		number of symmetries: 1
	hspacing: 0 1 5 6 10 11 12 15 16 	vspacing: 0 1 5 6 10 11 12 15 16 
		number of symmetries: 1
	hspacing: 0 1 6 7 8 9 14 15 16 	vspacing: 0 1 2 7 8 9 10 15 16 
		number of symmetries: 1
	hspacing: 0 1 6 7 8 9 14 15 16 	vspacing: 0 1 6 7 8 9 14 15 16 
		number of symmetries: 1
	hspacing: 0 2 3 5 8 10 11 13 16 	vspacing: 0 2 3 5 8 10 11 13 16 
		number of symmetries: 1
	hspacing: 0 2 3 5 8 10 11 13 16 	vspacing: 0 3 5 6 8 11 13 14 16 
		number of symmetries: 1
	hspacing: 0 2 4 5 7 9 11 14 16 	vspacing: 0 2 4 5 7 9 11 14 16 
		number of symmetries: 1
	hspacing: 0 2 4 5 7 9 11 14 16 	vspacing: 0 2 5 7 9 11 12 14 16 
		number of symmetries: 1
	hspacing: 0 2 4 6 8 10 12 14 16 	vspacing: 0 2 4 6 8 10 12 14 16 
		number of symmetries: 2
	hspacing: 0 2 5 7 9 11 12 14 16 	vspacing: 0 2 4 5 7 9 11 14 16 
		number of symmetries: 1
	hspacing: 0 2 5 7 9 11 12 14 16 	vspacing: 0 2 5 7 9 11 12 14 16 
		number of symmetries: 1
	hspacing: 0 3 4 6 7 9 10 13 16 	vspacing: 0 3 4 6 7 9 10 13 16 
		number of symmetries: 1
	hspacing: 0 3 4 6 7 9 10 13 16 	vspacing: 0 3 6 7 9 10 12 13 16 
		number of symmetries: 1
	hspacing: 0 3 4 7 8 11 12 15 16 	vspacing: 0 1 4 5 8 9 12 13 16 
		number of symmetries: 1
	hspacing: 0 3 4 7 8 11 12 15 16 	vspacing: 0 3 4 7 8 11 12 15 16 
		number of symmetries: 1
	hspacing: 0 3 5 6 8 11 13 14 16 	vspacing: 0 2 3 5 8 10 11 13 16 
		number of symmetries: 1
	hspacing: 0 3 5 6 8 11 13 14 16 	vspacing: 0 3 5 6 8 11 13 14 16 
		number of symmetries: 1
	hspacing: 0 3 6 7 9 10 12 13 16 	vspacing: 0 3 4 6 7 9 10 13 16 
		number of symmetries: 1
	hspacing: 0 3 6 7 9 10 12 13 16 	vspacing: 0 3 6 7 9 10 12 13 16 
		number of symmetries: 1
p: 9
e: 9
# spacings: 1
# spacing pairs: 1
	hspacing: 0 1 2 3 4 5 6 7 8 9 	vspacing: 0 1 2 3 4 5 6 7 8 9 
		number of symmetries: 2
p: 9
e: 10
# spacings: 9
# spacing pairs: 1
	hspacing: 0 1 2 3 4 6 7 8 9 10 	vspacing: 0 1 2 3 4 6 7 8 9 10 
		number of symmetries: 2
p: 9
e: 11
# spacings: 45
# spacing pairs: 5
	hspacing: 0 1 2 3 4 7 8 9 10 11 	vspacing: 0 1 2 3 4 7 8 9 10 11 
		number of symmetries: 2
	hspacing: 0 1 2 3 5 6 8 9 10 11 	vspacing: 0 1 2 3 5 6 8 9 10 11 
		number of symmetries: 2
	hspacing: 0 1 2 4 5 6 7 9 10 11 	vspacing: 0 1 2 4 5 6 7 9 10 11 
		number of symmetries: 2
	hspacing: 0 1 3 4 5 6 7 8 10 11 	vspacing: 0 1 3 4 5 6 7 8 10 11 
		number of symmetries: 2
	hspacing: 0 2 3 4 5 6 7 8 9 11 	vspacing: 0 2 3 4 5 6 7 8 9 11 
		number of symmetries: 2
p: 9
e: 12
# spacings: 165
# spacing pairs: 4
	hspacing: 0 1 2 3 4 8 9 10 11 12 	vspacing: 0 1 2 3 4 8 9 10 11 12 
		number of symmetries: 2
	hspacing: 0 1 2 4 5 7 8 10 11 12 	vspacing: 0 1 2 4 5 7 8 10 11 12 
		number of symmetries: 2
	hspacing: 0 1 3 4 5 7 8 9 11 12 	vspacing: 0 1 3 4 5 7 8 9 11 12 
		number of symmetries: 2
	hspacing: 0 2 3 4 5 7 8 9 10 12 	vspacing: 0 2 3 4 5 7 8 9 10 12 
		number of symmetries: 2
p: 9
e: 13
# spacings: 495
# spacing pairs: 6
	hspacing: 0 1 2 3 4 9 10 11 12 13 	vspacing: 0 1 2 3 4 9 10 11 12 13 
		number of symmetries: 2
	hspacing: 0 1 2 5 6 7 8 11 12 13 	vspacing: 0 1 2 5 6 7 8 11 12 13 
		number of symmetries: 2
	hspacing: 0 1 3 4 5 8 9 10 12 13 	vspacing: 0 1 3 4 5 8 9 10 12 13 
		number of symmetries: 2
	hspacing: 0 1 3 4 6 7 9 10 12 13 	vspacing: 0 1 3 4 6 7 9 10 12 13 
		number of symmetries: 2
	hspacing: 0 2 3 5 6 7 8 10 11 13 	vspacing: 0 2 3 5 6 7 8 10 11 13 
		number of symmetries: 2
	hspacing: 0 2 4 5 6 7 8 9 11 13 	vspacing: 0 2 4 5 6 7 8 9 11 13 
		number of symmetries: 2
p: 9
e: 14
# spacings: 1287
# spacing pairs: 3
	hspacing: 0 1 2 3 4 10 11 12 13 14 	vspacing: 0 1 2 3 4 10 11 12 13 14 
		number of symmetries: 2
	hspacing: 0 1 4 5 6 8 9 10 13 14 	vspacing: 0 1 4 5 6 8 9 10 13 14 
		number of symmetries: 2
	hspacing: 0 2 3 5 6 8 9 11 12 14 	vspacing: 0 2 3 5 6 8 9 11 12 14 
		number of symmetries: 2
p: 9
e: 15
# spacings: 3003
# spacing pairs: 6
	hspacing: 0 1 2 3 4 11 12 13 14 15 	vspacing: 0 1 2 3 4 11 12 13 14 15 
		number of symmetries: 2
	hspacing: 0 1 2 6 7 8 9 13 14 15 	vspacing: 0 1 2 6 7 8 9 13 14 15 
		number of symmetries: 2
	hspacing: 0 1 3 4 7 8 11 12 14 15 	vspacing: 0 1 3 4 7 8 11 12 14 15 
		number of symmetries: 2
	hspacing: 0 1 4 5 6 9 10 11 14 15 	vspacing: 0 1 4 5 6 9 10 11 14 15 
		number of symmetries: 2
	hspacing: 0 2 3 5 7 8 10 12 13 15 	vspacing: 0 2 3 5 7 8 10 12 13 15 
		number of symmetries: 2
	hspacing: 0 2 4 6 7 8 9 11 13 15 	vspacing: 0 2 4 6 7 8 9 11 13 15 
		number of symmetries: 2
p: 9
e: 16
# spacings: 6435
# spacing pairs: 4
	hspacing: 0 1 2 3 4 12 13 14 15 16 	vspacing: 0 1 2 3 4 12 13 14 15 16 
		number of symmetries: 2
	hspacing: 0 1 4 5 6 10 11 12 15 16 	vspacing: 0 1 4 5 6 10 11 12 15 16 
		number of symmetries: 2
	hspacing: 0 2 4 5 7 9 11 12 14 16 	vspacing: 0 2 4 5 7 9 11 12 14 16 
		number of symmetries: 2
	hspacing: 0 3 4 6 7 9 10 12 13 16 	vspacing: 0 3 4 6 7 9 10 12 13 16 
		number of symmetries: 2
p: 9
e: 17
# spacings: 12870
# spacing pairs: 8
	hspacing: 0 1 2 3 4 13 14 15 16 17 	vspacing: 0 1 2 3 4 13 14 15 16 17 
		number of symmetries: 2
	hspacing: 0 1 2 7 8 9 10 15 16 17 	vspacing: 0 1 2 7 8 9 10 15 16 17 
		number of symmetries: 2
	hspacing: 0 1 4 5 8 9 12 13 16 17 	vspacing: 0 1 4 5 8 9 12 13 16 17 
		number of symmetries: 2
	hspacing: 0 1 5 6 7 10 11 12 16 17 	vspacing: 0 1 5 6 7 10 11 12 16 17 
		number of symmetries: 2
	hspacing: 0 2 3 5 7 10 12 14 15 17 	vspacing: 0 2 3 5 7 10 12 14 15 17 
		number of symmetries: 2
	hspacing: 0 2 4 6 8 9 11 13 15 17 	vspacing: 0 2 4 6 8 9 11 13 15 17 
		number of symmetries: 2
	hspacing: 0 3 4 6 7 10 11 13 14 17 	vspacing: 0 3 4 6 7 10 11 13 14 17 
		number of symmetries: 2
	hspacing: 0 3 5 6 8 9 11 12 14 17 	vspacing: 0 3 5 6 8 9 11 12 14 17 
		number of symmetries: 2
p: 9
e: 18
# spacings: 24310
# spacing pairs: 5
	hspacing: 0 1 2 3 4 14 15 16 17 18 	vspacing: 0 1 2 3 4 14 15 16 17 18 
		number of symmetries: 2
	hspacing: 0 1 5 6 7 11 12 13 17 18 	vspacing: 0 1 5 6 7 11 12 13 17 18 
		number of symmetries: 2
	hspacing: 0 2 3 5 8 10 13 15 16 18 	vspacing: 0 2 3 5 8 10 13 15 16 18 
		number of symmetries: 2
	hspacing: 0 2 4 6 8 10 12 14 16 18 	vspacing: 0 2 4 6 8 10 12 14 16 18 
		number of symmetries: 2
	hspacing: 0 3 4 7 8 10 11 14 15 18 	vspacing: 0 3 4 7 8 10 11 14 15 18 
		number of symmetries: 2
p: 10
e: 10
# spacings: 1
# spacing pairs: 1
	hspacing: 0 1 2 3 4 5 6 7 8 9 10 	vspacing: 0 1 2 3 4 5 6 7 8 9 10 
		number of symmetries: 2
p: 10
e: 11
# spacings: 10
# spacing pairs: 20
	hspacing: 0 1 2 3 4 5 6 7 8 9 11 	vspacing: 0 1 2 3 4 5 6 7 8 9 11 
		number of symmetries: 1
	hspacing: 0 1 2 3 4 5 6 7 8 9 11 	vspacing: 0 2 3 4 5 6 7 8 9 10 11 
		number of symmetries: 1
	hspacing: 0 1 2 3 4 5 6 7 8 10 11 	vspacing: 0 1 2 3 4 5 6 7 8 10 11 
		number of symmetries: 1
	hspacing: 0 1 2 3 4 5 6 7 8 10 11 	vspacing: 0 1 3 4 5 6 7 8 9 10 11 
		number of symmetries: 1
	hspacing: 0 1 2 3 4 5 6 7 9 10 11 	vspacing: 0 1 2 3 4 5 6 7 9 10 11 
		number of symmetries: 1
	hspacing: 0 1 2 3 4 5 6 7 9 10 11 	vspacing: 0 1 2 4 5 6 7 8 9 10 11 
		number of symmetries: 1
	hspacing: 0 1 2 3 4 5 6 8 9 10 11 	vspacing: 0 1 2 3 4 5 6 8 9 10 11 
		number of symmetries: 1
	hspacing: 0 1 2 3 4 5 6 8 9 10 11 	vspacing: 0 1 2 3 5 6 7 8 9 10 11 
		number of symmetries: 1
	hspacing: 0 1 2 3 4 5 7 8 9 10 11 	vspacing: 0 1 2 3 4 5 7 8 9 10 11 
		number of symmetries: 1
	hspacing: 0 1 2 3 4 5 7 8 9 10 11 	vspacing: 0 1 2 3 4 6 7 8 9 10 11 
		number of symmetries: 1
	hspacing: 0 1 2 3 4 6 7 8 9 10 11 	vspacing: 0 1 2 3 4 5 7 8 9 10 11 
		number of symmetries: 1
	hspacing: 0 1 2 3 4 6 7 8 9 10 11 	vspacing: 0 1 2 3 4 6 7 8 9 10 11 
		number of symmetries: 1
	hspacing: 0 1 2 3 5 6 7 8 9 10 11 	vspacing: 0 1 2 3 4 5 6 8 9 10 11 
		number of symmetries: 1
	hspacing: 0 1 2 3 5 6 7 8 9 10 11 	vspacing: 0 1 2 3 5 6 7 8 9 10 11 
		number of symmetries: 1
	hspacing: 0 1 2 4 5 6 7 8 9 10 11 	vspacing: 0 1 2 3 4 5 6 7 9 10 11 
		number of symmetries: 1
	hspacing: 0 1 2 4 5 6 7 8 9 10 11 	vspacing: 0 1 2 4 5 6 7 8 9 10 11 
		number of symmetries: 1
	hspacing: 0 1 3 4 5 6 7 8 9 10 11 	vspacing: 0 1 2 3 4 5 6 7 8 10 11 
		number of symmetries: 1
	hspacing: 0 1 3 4 5 6 7 8 9 10 11 	vspacing: 0 1 3 4 5 6 7 8 9 10 11 
		number of symmetries: 1
	hspacing: 0 2 3 4 5 6 7 8 9 10 11 	vspacing: 0 1 2 3 4 5 6 7 8 9 11 
		number of symmetries: 1
	hspacing: 0 2 3 4 5 6 7 8 9 10 11 	vspacing: 0 2 3 4 5 6 7 8 9 10 11 
		number of symmetries: 1
p: 10
e: 12
# spacings: 55
# spacing pairs: 13
	hspacing: 0 1 2 3 4 5 7 8 9 10 12 	vspacing: 0 1 2 3 4 5 7 8 9 10 12 
		number of symmetries: 1
	hspacing: 0 1 2 3 4 5 7 8 9 10 12 	vspacing: 0 2 3 4 5 7 8 9 10 11 12 
		number of symmetries: 1
	hspacing: 0 1 2 3 4 5 7 8 10 11 12 	vspacing: 0 1 2 3 4 5 7 8 10 11 12 
		number of symmetries: 1
	hspacing: 0 1 2 3 4 5 7 8 10 11 12 	vspacing: 0 1 2 4 5 7 8 9 10 11 12 
		number of symmetries: 1
	hspacing: 0 1 2 3 4 5 8 9 10 11 12 	vspacing: 0 1 2 3 4 5 8 9 10 11 12 
		number of symmetries: 1
	hspacing: 0 1 2 3 4 5 8 9 10 11 12 	vspacing: 0 1 2 3 4 7 8 9 10 11 12 
		number of symmetries: 1
	hspacing: 0 1 2 3 4 7 8 9 10 11 12 	vspacing: 0 1 2 3 4 5 8 9 10 11 12 
		number of symmetries: 1
	hspacing: 0 1 2 3 4 7 8 9 10 11 12 	vspacing: 0 1 2 3 4 7 8 9 10 11 12 
		number of symmetries: 1
	hspacing: 0 1 2 4 5 6 7 8 10 11 12 	vspacing: 0 1 2 4 5 6 7 8 10 11 12 
		number of symmetries: 2
	hspacing: 0 1 2 4 5 7 8 9 10 11 12 	vspacing: 0 1 2 3 4 5 7 8 10 11 12 
		number of symmetries: 1
	hspacing: 0 1 2 4 5 7 8 9 10 11 12 	vspacing: 0 1 2 4 5 7 8 9 10 11 12 
		number of symmetries: 1
	hspacing: 0 2 3 4 5 7 8 9 10 11 12 	vspacing: 0 1 2 3 4 5 7 8 9 10 12 
		number of symmetries: 1
	hspacing: 0 2 3 4 5 7 8 9 10 11 12 	vspacing: 0 2 3 4 5 7 8 9 10 11 12 
		number of symmetries: 1
p: 10
e: 13
# spacings: 220
# spacing pairs: 24
	hspacing: 0 1 2 3 4 5 9 10 11 12 13 	vspacing: 0 1 2 3 4 5 9 10 11 12 13 
		number of symmetries: 1
	hspacing: 0 1 2 3 4 5 9 10 11 12 13 	vspacing: 0 1 2 3 4 8 9 10 11 12 13 
		number of symmetries: 1
	hspacing: 0 1 2 3 4 6 7 9 10 12 13 	vspacing: 0 1 2 3 4 6 7 9 10 12 13 
		number of symmetries: 1
	hspacing: 0 1 2 3 4 6 7 9 10 12 13 	vspacing: 0 1 3 4 6 7 9 10 11 12 13 
		number of symmetries: 1
	hspacing: 0 1 2 3 4 8 9 10 11 12 13 	vspacing: 0 1 2 3 4 5 9 10 11 12 13 
		number of symmetries: 1
	hspacing: 0 1 2 3 4 8 9 10 11 12 13 	vspacing: 0 1 2 3 4 8 9 10 11 12 13 
		number of symmetries: 1
	hspacing: 0 1 2 3 5 6 7 8 10 11 13 	vspacing: 0 1 2 3 5 6 7 8 10 11 13 
		number of symmetries: 1
	hspacing: 0 1 2 3 5 6 7 8 10 11 13 	vspacing: 0 2 3 5 6 7 8 10 11 12 13 
		number of symmetries: 1
	hspacing: 0 1 2 4 5 6 7 8 11 12 13 	vspacing: 0 1 2 4 5 6 7 8 11 12 13 
		number of symmetries: 1
	hspacing: 0 1 2 4 5 6 7 8 11 12 13 	vspacing: 0 1 2 5 6 7 8 9 11 12 13 
		number of symmetries: 1
	hspacing: 0 1 2 5 6 7 8 9 11 12 13 	vspacing: 0 1 2 4 5 6 7 8 11 12 13 
		number of symmetries: 1
	hspacing: 0 1 2 5 6 7 8 9 11 12 13 	vspacing: 0 1 2 5 6 7 8 9 11 12 13 
		number of symmetries: 1
	hspacing: 0 1 3 4 5 6 8 9 10 12 13 	vspacing: 0 1 3 4 5 6 8 9 10 12 13 
		number of symmetries: 1
	hspacing: 0 1 3 4 5 6 8 9 10 12 13 	vspacing: 0 1 3 4 5 7 8 9 10 12 13 
		number of symmetries: 1
	hspacing: 0 1 3 4 5 7 8 9 10 12 13 	vspacing: 0 1 3 4 5 6 8 9 10 12 13 
		number of symmetries: 1
	hspacing: 0 1 3 4 5 7 8 9 10 12 13 	vspacing: 0 1 3 4 5 7 8 9 10 12 13 
		number of symmetries: 1
	hspacing: 0 1 3 4 6 7 9 10 11 12 13 	vspacing: 0 1 2 3 4 6 7 9 10 12 13 
		number of symmetries: 1
	hspacing: 0 1 3 4 6 7 9 10 11 12 13 	vspacing: 0 1 3 4 6 7 9 10 11 12 13 
		number of symmetries: 1
	hspacing: 0 2 3 4 5 6 7 8 9 11 13 	vspacing: 0 2 3 4 5 6 7 8 9 11 13 
		number of symmetries: 1
	hspacing: 0 2 3 4 5 6 7 8 9 11 13 	vspacing: 0 2 4 5 6 7 8 9 10 11 13 
		number of symmetries: 1
	hspacing: 0 2 3 5 6 7 8 10 11 12 13 	vspacing: 0 1 2 3 5 6 7 8 10 11 13 
		number of symmetries: 1
	hspacing: 0 2 3 5 6 7 8 10 11 12 13 	vspacing: 0 2 3 5 6 7 8 10 11 12 13 
		number of symmetries: 1
	hspacing: 0 2 4 5 6 7 8 9 10 11 13 	vspacing: 0 2 3 4 5 6 7 8 9 11 13 
		number of symmetries: 1
	hspacing: 0 2 4 5 6 7 8 9 10 11 13 	vspacing: 0 2 4 5 6 7 8 9 10 11 13 
		number of symmetries: 1
p: 10
e: 14
# spacings: 715
# spacing pairs: 15
	hspacing: 0 1 2 3 4 5 10 11 12 13 14 	vspacing: 0 1 2 3 4 5 10 11 12 13 14 
		number of symmetries: 1
	hspacing: 0 1 2 3 4 5 10 11 12 13 14 	vspacing: 0 1 2 3 4 9 10 11 12 13 14 
		number of symmetries: 1
	hspacing: 0 1 2 3 4 9 10 11 12 13 14 	vspacing: 0 1 2 3 4 5 10 11 12 13 14 
		number of symmetries: 1
	hspacing: 0 1 2 3 4 9 10 11 12 13 14 	vspacing: 0 1 2 3 4 9 10 11 12 13 14 
		number of symmetries: 1
	hspacing: 0 1 2 3 5 6 8 9 11 12 14 	vspacing: 0 1 2 3 5 6 8 9 11 12 14 
		number of symmetries: 1
	hspacing: 0 1 2 3 5 6 8 9 11 12 14 	vspacing: 0 2 3 5 6 8 9 11 12 13 14 
		number of symmetries: 1
	hspacing: 0 1 2 5 6 7 8 9 12 13 14 	vspacing: 0 1 2 5 6 7 8 9 12 13 14 
		number of symmetries: 2
	hspacing: 0 1 3 4 5 6 8 9 10 13 14 	vspacing: 0 1 3 4 5 6 8 9 10 13 14 
		number of symmetries: 1
	hspacing: 0 1 3 4 5 6 8 9 10 13 14 	vspacing: 0 1 4 5 6 8 9 10 11 13 14 
		number of symmetries: 1
	hspacing: 0 1 3 4 6 7 8 10 11 13 14 	vspacing: 0 1 3 4 6 7 8 10 11 13 14 
		number of symmetries: 2
	hspacing: 0 1 4 5 6 8 9 10 11 13 14 	vspacing: 0 1 3 4 5 6 8 9 10 13 14 
		number of symmetries: 1
	hspacing: 0 1 4 5 6 8 9 10 11 13 14 	vspacing: 0 1 4 5 6 8 9 10 11 13 14 
		number of symmetries: 1
	hspacing: 0 2 3 4 5 7 9 10 11 12 14 	vspacing: 0 2 3 4 5 7 9 10 11 12 14 
		number of symmetries: 2
	hspacing: 0 2 3 5 6 8 9 11 12 13 14 	vspacing: 0 1 2 3 5 6 8 9 11 12 14 
		number of symmetries: 1
	hspacing: 0 2 3 5 6 8 9 11 12 13 14 	vspacing: 0 2 3 5 6 8 9 11 12 13 14 
		number of symmetries: 1
p: 10
e: 15
# spacings: 2002
# spacing pairs: 20
	hspacing: 0 1 2 3 4 5 11 12 13 14 15 	vspacing: 0 1 2 3 4 5 11 12 13 14 15 
		number of symmetries: 1
	hspacing: 0 1 2 3 4 5 11 12 13 14 15 	vspacing: 0 1 2 3 4 10 11 12 13 14 15 
		number of symmetries: 1
	hspacing: 0 1 2 3 4 10 11 12 13 14 15 	vspacing: 0 1 2 3 4 5 11 12 13 14 15 
		number of symmetries: 1
	hspacing: 0 1 2 3 4 10 11 12 13 14 15 	vspacing: 0 1 2 3 4 10 11 12 13 14 15 
		number of symmetries: 1
	hspacing: 0 1 2 5 6 7 8 9 13 14 15 	vspacing: 0 1 2 5 6 7 8 9 13 14 15 
		number of symmetries: 1
	hspacing: 0 1 2 5 6 7 8 9 13 14 15 	vspacing: 0 1 2 6 7 8 9 10 13 14 15 
		number of symmetries: 1
	hspacing: 0 1 2 6 7 8 9 10 13 14 15 	vspacing: 0 1 2 5 6 7 8 9 13 14 15 
		number of symmetries: 1
	hspacing: 0 1 2 6 7 8 9 10 13 14 15 	vspacing: 0 1 2 6 7 8 9 10 13 14 15 
		number of symmetries: 1
	hspacing: 0 1 3 4 5 7 8 11 12 14 15 	vspacing: 0 1 3 4 5 7 8 11 12 14 15 
		number of symmetries: 1
	hspacing: 0 1 3 4 5 7 8 11 12 14 15 	vspacing: 0 1 3 4 7 8 10 11 12 14 15 
		number of symmetries: 1
	hspacing: 0 1 3 4 6 7 9 10 12 13 15 	vspacing: 0 1 3 4 6 7 9 10 12 13 15 
		number of symmetries: 1
	hspacing: 0 1 3 4 6 7 9 10 12 13 15 	vspacing: 0 2 3 5 6 8 9 11 12 14 15 
		number of symmetries: 1
	hspacing: 0 1 3 4 7 8 10 11 12 14 15 	vspacing: 0 1 3 4 5 7 8 11 12 14 15 
		number of symmetries: 1
	hspacing: 0 1 3 4 7 8 10 11 12 14 15 	vspacing: 0 1 3 4 7 8 10 11 12 14 15 
		number of symmetries: 1
	hspacing: 0 2 3 5 6 8 9 11 12 14 15 	vspacing: 0 1 3 4 6 7 9 10 12 13 15 
		number of symmetries: 1
	hspacing: 0 2 3 5 6 8 9 11 12 14 15 	vspacing: 0 2 3 5 6 8 9 11 12 14 15 
		number of symmetries: 1
	hspacing: 0 2 4 5 6 7 8 9 11 13 15 	vspacing: 0 2 4 5 6 7 8 9 11 13 15 
		number of symmetries: 1
	hspacing: 0 2 4 5 6 7 8 9 11 13 15 	vspacing: 0 2 4 6 7 8 9 10 11 13 15 
		number of symmetries: 1
	hspacing: 0 2 4 6 7 8 9 10 11 13 15 	vspacing: 0 2 4 5 6 7 8 9 11 13 15 
		number of symmetries: 1
	hspacing: 0 2 4 6 7 8 9 10 11 13 15 	vspacing: 0 2 4 6 7 8 9 10 11 13 15 
		number of symmetries: 1
p: 10
e: 16
# spacings: 5005
# spacing pairs: 18
	hspacing: 0 1 2 3 4 5 12 13 14 15 16 	vspacing: 0 1 2 3 4 5 12 13 14 15 16 
		number of symmetries: 1
	hspacing: 0 1 2 3 4 5 12 13 14 15 16 	vspacing: 0 1 2 3 4 11 12 13 14 15 16 
		number of symmetries: 1
	hspacing: 0 1 2 3 4 11 12 13 14 15 16 	vspacing: 0 1 2 3 4 5 12 13 14 15 16 
		number of symmetries: 1
	hspacing: 0 1 2 3 4 11 12 13 14 15 16 	vspacing: 0 1 2 3 4 11 12 13 14 15 16 
		number of symmetries: 1
	hspacing: 0 1 2 6 7 8 9 10 14 15 16 	vspacing: 0 1 2 6 7 8 9 10 14 15 16 
		number of symmetries: 2
	hspacing: 0 1 3 4 6 7 9 10 12 13 16 	vspacing: 0 1 3 4 6 7 9 10 12 13 16 
		number of symmetries: 1
	hspacing: 0 1 3 4 6 7 9 10 12 13 16 	vspacing: 0 3 4 6 7 9 10 12 13 15 16 
		number of symmetries: 1
	hspacing: 0 1 4 5 6 7 10 11 12 15 16 	vspacing: 0 1 4 5 6 7 10 11 12 15 16 
		number of symmetries: 1
	hspacing: 0 1 4 5 6 7 10 11 12 15 16 	vspacing: 0 1 4 5 6 9 10 11 12 15 16 
		number of symmetries: 1
	hspacing: 0 1 4 5 6 9 10 11 12 15 16 	vspacing: 0 1 4 5 6 7 10 11 12 15 16 
		number of symmetries: 1
	hspacing: 0 1 4 5 6 9 10 11 12 15 16 	vspacing: 0 1 4 5 6 9 10 11 12 15 16 
		number of symmetries: 1
	hspacing: 0 2 3 4 5 7 9 11 12 14 16 	vspacing: 0 2 3 4 5 7 9 11 12 14 16 
		number of symmetries: 1
	hspacing: 0 2 3 4 5 7 9 11 12 14 16 	vspacing: 0 2 4 5 7 9 11 12 13 14 16 
		number of symmetries: 1
	hspacing: 0 2 3 5 6 8 10 11 13 14 16 	vspacing: 0 2 3 5 6 8 10 11 13 14 16 
		number of symmetries: 2
	hspacing: 0 2 4 5 7 9 11 12 13 14 16 	vspacing: 0 2 3 4 5 7 9 11 12 14 16 
		number of symmetries: 1
	hspacing: 0 2 4 5 7 9 11 12 13 14 16 	vspacing: 0 2 4 5 7 9 11 12 13 14 16 
		number of symmetries: 1
	hspacing: 0 3 4 6 7 9 10 12 13 15 16 	vspacing: 0 1 3 4 6 7 9 10 12 13 16 
		number of symmetries: 1
	hspacing: 0 3 4 6 7 9 10 12 13 15 16 	vspacing: 0 3 4 6 7 9 10 12 13 15 16 
		number of symmetries: 1
p: 10
e: 17
# spacings: 11440
# spacing pairs: 32
	hspacing: 0 1 2 3 4 5 13 14 15 16 17 	vspacing: 0 1 2 3 4 5 13 14 15 16 17 
		number of symmetries: 1
	hspacing: 0 1 2 3 4 5 13 14 15 16 17 	vspacing: 0 1 2 3 4 12 13 14 15 16 17 
		number of symmetries: 1
	hspacing: 0 1 2 3 4 12 13 14 15 16 17 	vspacing: 0 1 2 3 4 5 13 14 15 16 17 
		number of symmetries: 1
	hspacing: 0 1 2 3 4 12 13 14 15 16 17 	vspacing: 0 1 2 3 4 12 13 14 15 16 17 
		number of symmetries: 1
	hspacing: 0 1 2 6 7 8 9 10 15 16 17 	vspacing: 0 1 2 6 7 8 9 10 15 16 17 
		number of symmetries: 1
	hspacing: 0 1 2 6 7 8 9 10 15 16 17 	vspacing: 0 1 2 7 8 9 10 11 15 16 17 
		number of symmetries: 1
	hspacing: 0 1 2 7 8 9 10 11 15 16 17 	vspacing: 0 1 2 6 7 8 9 10 15 16 17 
		number of symmetries: 1
	hspacing: 0 1 2 7 8 9 10 11 15 16 17 	vspacing: 0 1 2 7 8 9 10 11 15 16 17 
		number of symmetries: 1
	hspacing: 0 1 3 4 5 8 9 12 13 16 17 	vspacing: 0 1 3 4 5 8 9 12 13 16 17 
		number of symmetries: 1
	hspacing: 0 1 3 4 5 8 9 12 13 16 17 	vspacing: 0 1 4 5 8 9 12 13 14 16 17 
		number of symmetries: 1
	hspacing: 0 1 3 4 6 7 10 11 13 14 17 	vspacing: 0 1 3 4 6 7 10 11 13 14 17 
		number of symmetries: 1
	hspacing: 0 1 3 4 6 7 10 11 13 14 17 	vspacing: 0 3 4 6 7 10 11 13 14 16 17 
		number of symmetries: 1
	hspacing: 0 1 4 5 6 7 10 11 12 16 17 	vspacing: 0 1 4 5 6 7 10 11 12 16 17 
		number of symmetries: 1
	hspacing: 0 1 4 5 6 7 10 11 12 16 17 	vspacing: 0 1 5 6 7 10 11 12 13 16 17 
		number of symmetries: 1
	hspacing: 0 1 4 5 8 9 12 13 14 16 17 	vspacing: 0 1 3 4 5 8 9 12 13 16 17 
		number of symmetries: 1
	hspacing: 0 1 4 5 8 9 12 13 14 16 17 	vspacing: 0 1 4 5 8 9 12 13 14 16 17 
		number of symmetries: 1
	hspacing: 0 1 5 6 7 10 11 12 13 16 17 	vspacing: 0 1 4 5 6 7 10 11 12 16 17 
		number of symmetries: 1
	hspacing: 0 1 5 6 7 10 11 12 13 16 17 	vspacing: 0 1 5 6 7 10 11 12 13 16 17 
		number of symmetries: 1
	hspacing: 0 2 3 5 6 8 9 11 12 14 17 	vspacing: 0 2 3 5 6 8 9 11 12 14 17 
		number of symmetries: 1
	hspacing: 0 2 3 5 6 8 9 11 12 14 17 	vspacing: 0 3 5 6 8 9 11 12 14 15 17 
		number of symmetries: 1
	hspacing: 0 2 3 5 7 8 10 12 14 15 17 	vspacing: 0 2 3 5 7 8 10 12 14 15 17 
		number of symmetries: 1
	hspacing: 0 2 3 5 7 8 10 12 14 15 17 	vspacing: 0 2 3 5 7 9 10 12 14 15 17 
		number of symmetries: 1
	hspacing: 0 2 3 5 7 9 10 12 14 15 17 	vspacing: 0 2 3 5 7 8 10 12 14 15 17 
		number of symmetries: 1
	hspacing: 0 2 3 5 7 9 10 12 14 15 17 	vspacing: 0 2 3 5 7 9 10 12 14 15 17 
		number of symmetries: 1
	hspacing: 0 2 4 6 7 8 9 11 13 15 17 	vspacing: 0 2 4 6 7 8 9 11 13 15 17 
		number of symmetries: 1
	hspacing: 0 2 4 6 7 8 9 11 13 15 17 	vspacing: 0 2 4 6 8 9 10 11 13 15 17 
		number of symmetries: 1
	hspacing: 0 2 4 6 8 9 10 11 13 15 17 	vspacing: 0 2 4 6 7 8 9 11 13 15 17 
		number of symmetries: 1
	hspacing: 0 2 4 6 8 9 10 11 13 15 17 	vspacing: 0 2 4 6 8 9 10 11 13 15 17 
		number of symmetries: 1
	hspacing: 0 3 4 6 7 10 11 13 14 16 17 	vspacing: 0 1 3 4 6 7 10 11 13 14 17 
		number of symmetries: 1
	hspacing: 0 3 4 6 7 10 11 13 14 16 17 	vspacing: 0 3 4 6 7 10 11 13 14 16 17 
		number of symmetries: 1
	hspacing: 0 3 5 6 8 9 11 12 14 15 17 	vspacing: 0 2 3 5 6 8 9 11 12 14 17 
		number of symmetries: 1
	hspacing: 0 3 5 6 8 9 11 12 14 15 17 	vspacing: 0 3 5 6 8 9 11 12 14 15 17 
		number of symmetries: 1
p: 10
e: 18
# spacings: 24310
# spacing pairs: 15
	hspacing: 0 1 2 3 4 5 14 15 16 17 18 	vspacing: 0 1 2 3 4 5 14 15 16 17 18 
		number of symmetries: 1
	hspacing: 0 1 2 3 4 5 14 15 16 17 18 	vspacing: 0 1 2 3 4 13 14 15 16 17 18 
		number of symmetries: 1
	hspacing: 0 1 2 3 4 13 14 15 16 17 18 	vspacing: 0 1 2 3 4 5 14 15 16 17 18 
		number of symmetries: 1
	hspacing: 0 1 2 3 4 13 14 15 16 17 18 	vspacing: 0 1 2 3 4 13 14 15 16 17 18 
		number of symmetries: 1
	hspacing: 0 1 2 7 8 9 10 11 16 17 18 	vspacing: 0 1 2 7 8 9 10 11 16 17 18 
		number of symmetries: 2
	hspacing: 0 1 3 4 7 8 10 11 14 15 18 	vspacing: 0 1 3 4 7 8 10 11 14 15 18 
		number of symmetries: 1
	hspacing: 0 1 3 4 7 8 10 11 14 15 18 	vspacing: 0 3 4 7 8 10 11 14 15 17 18 
		number of symmetries: 1
	hspacing: 0 1 4 5 8 9 10 13 14 17 18 	vspacing: 0 1 4 5 8 9 10 13 14 17 18 
		number of symmetries: 2
	hspacing: 0 2 3 5 7 8 10 13 15 16 18 	vspacing: 0 2 3 5 7 8 10 13 15 16 18 
		number of symmetries: 1
	hspacing: 0 2 3 5 7 8 10 13 15 16 18 	vspacing: 0 2 3 5 8 10 11 13 15 16 18 
		number of symmetries: 1
	hspacing: 0 2 3 5 8 10 11 13 15 16 18 	vspacing: 0 2 3 5 7 8 10 13 15 16 18 
		number of symmetries: 1
	hspacing: 0 2 3 5 8 10 11 13 15 16 18 	vspacing: 0 2 3 5 8 10 11 13 15 16 18 
		number of symmetries: 1
	hspacing: 0 2 4 5 7 9 11 13 14 16 18 	vspacing: 0 2 4 5 7 9 11 13 14 16 18 
		number of symmetries: 2
	hspacing: 0 3 4 7 8 10 11 14 15 17 18 	vspacing: 0 1 3 4 7 8 10 11 14 15 18 
		number of symmetries: 1
	hspacing: 0 3 4 7 8 10 11 14 15 17 18 	vspacing: 0 3 4 7 8 10 11 14 15 17 18 
		number of symmetries: 1
p: 10
e: 19
# spacings: 48620
# spacing pairs: 36
	hspacing: 0 1 2 3 4 5 15 16 17 18 19 	vspacing: 0 1 2 3 4 5 15 16 17 18 19 
		number of symmetries: 1
	hspacing: 0 1 2 3 4 5 15 16 17 18 19 	vspacing: 0 1 2 3 4 14 15 16 17 18 19 
		number of symmetries: 1
	hspacing: 0 1 2 3 4 14 15 16 17 18 19 	vspacing: 0 1 2 3 4 5 15 16 17 18 19 
		number of symmetries: 1
	hspacing: 0 1 2 3 4 14 15 16 17 18 19 	vspacing: 0 1 2 3 4 14 15 16 17 18 19 
		number of symmetries: 1
	hspacing: 0 1 2 7 8 9 10 11 17 18 19 	vspacing: 0 1 2 7 8 9 10 11 17 18 19 
		number of symmetries: 1
	hspacing: 0 1 2 7 8 9 10 11 17 18 19 	vspacing: 0 1 2 8 9 10 11 12 17 18 19 
		number of symmetries: 1
	hspacing: 0 1 2 8 9 10 11 12 17 18 19 	vspacing: 0 1 2 7 8 9 10 11 17 18 19 
		number of symmetries: 1
	hspacing: 0 1 2 8 9 10 11 12 17 18 19 	vspacing: 0 1 2 8 9 10 11 12 17 18 19 
		number of symmetries: 1
	hspacing: 0 1 3 4 7 8 11 12 15 16 19 	vspacing: 0 1 3 4 7 8 11 12 15 16 19 
		number of symmetries: 1
	hspacing: 0 1 3 4 7 8 11 12 15 16 19 	vspacing: 0 3 4 7 8 11 12 15 16 18 19 
		number of symmetries: 1
	hspacing: 0 1 4 5 6 9 10 14 15 18 19 	vspacing: 0 1 4 5 6 9 10 14 15 18 19 
		number of symmetries: 1
	hspacing: 0 1 4 5 6 9 10 14 15 18 19 	vspacing: 0 1 4 5 9 10 13 14 15 18 19 
		number of symmetries: 1
	hspacing: 0 1 4 5 9 10 13 14 15 18 19 	vspacing: 0 1 4 5 6 9 10 14 15 18 19 
		number of symmetries: 1
	hspacing: 0 1 4 5 9 10 13 14 15 18 19 	vspacing: 0 1 4 5 9 10 13 14 15 18 19 
		number of symmetries: 1
	hspacing: 0 1 5 6 7 8 12 13 14 18 19 	vspacing: 0 1 5 6 7 8 12 13 14 18 19 
		number of symmetries: 1
	hspacing: 0 1 5 6 7 8 12 13 14 18 19 	vspacing: 0 1 5 6 7 11 12 13 14 18 19 
		number of symmetries: 1
	hspacing: 0 1 5 6 7 11 12 13 14 18 19 	vspacing: 0 1 5 6 7 8 12 13 14 18 19 
		number of symmetries: 1
	hspacing: 0 1 5 6 7 11 12 13 14 18 19 	vspacing: 0 1 5 6 7 11 12 13 14 18 19 
		number of symmetries: 1
	hspacing: 0 2 3 5 6 8 11 13 14 16 19 	vspacing: 0 2 3 5 6 8 11 13 14 16 19 
		number of symmetries: 1
	hspacing: 0 2 3 5 6 8 11 13 14 16 19 	vspacing: 0 3 5 6 8 11 13 14 16 17 19 
		number of symmetries: 1
	hspacing: 0 2 3 5 7 9 10 12 14 17 19 	vspacing: 0 2 3 5 7 9 10 12 14 17 19 
		number of symmetries: 1
	hspacing: 0 2 3 5 7 9 10 12 14 17 19 	vspacing: 0 2 5 7 9 10 12 14 16 17 19 
		number of symmetries: 1
	hspacing: 0 2 4 6 8 9 11 13 15 17 19 	vspacing: 0 2 4 6 8 9 11 13 15 17 19 
		number of symmetries: 1
	hspacing: 0 2 4 6 8 9 11 13 15 17 19 	vspacing: 0 2 4 6 8 10 11 13 15 17 19 
		number of symmetries: 1
	hspacing: 0 2 4 6 8 10 11 13 15 17 19 	vspacing: 0 2 4 6 8 9 11 13 15 17 19 
		number of symmetries: 1
	hspacing: 0 2 4 6 8 10 11 13 15 17 19 	vspacing: 0 2 4 6 8 10 11 13 15 17 19 
		number of symmetries: 1
	hspacing: 0 2 5 7 9 10 12 14 16 17 19 	vspacing: 0 2 3 5 7 9 10 12 14 17 19 
		number of symmetries: 1
	hspacing: 0 2 5 7 9 10 12 14 16 17 19 	vspacing: 0 2 5 7 9 10 12 14 16 17 19 
		number of symmetries: 1
	hspacing: 0 3 4 6 7 9 10 12 13 16 19 	vspacing: 0 3 4 6 7 9 10 12 13 16 19 
		number of symmetries: 1
	hspacing: 0 3 4 6 7 9 10 12 13 16 19 	vspacing: 0 3 6 7 9 10 12 13 15 16 19 
		number of symmetries: 1
	hspacing: 0 3 4 7 8 11 12 15 16 18 19 	vspacing: 0 1 3 4 7 8 11 12 15 16 19 
		number of symmetries: 1
	hspacing: 0 3 4 7 8 11 12 15 16 18 19 	vspacing: 0 3 4 7 8 11 12 15 16 18 19 
		number of symmetries: 1
	hspacing: 0 3 5 6 8 11 13 14 16 17 19 	vspacing: 0 2 3 5 6 8 11 13 14 16 19 
		number of symmetries: 1
	hspacing: 0 3 5 6 8 11 13 14 16 17 19 	vspacing: 0 3 5 6 8 11 13 14 16 17 19 
		number of symmetries: 1
	hspacing: 0 3 6 7 9 10 12 13 15 16 19 	vspacing: 0 3 4 6 7 9 10 12 13 16 19 
		number of symmetries: 1
	hspacing: 0 3 6 7 9 10 12 13 15 16 19 	vspacing: 0 3 6 7 9 10 12 13 15 16 19 
		number of symmetries: 1
p: 10
e: 20
# spacings: 92378
# spacing pairs: 23
	hspacing: 0 1 2 3 4 5 16 17 18 19 20 	vspacing: 0 1 2 3 4 5 16 17 18 19 20 
		number of symmetries: 1
	hspacing: 0 1 2 3 4 5 16 17 18 19 20 	vspacing: 0 1 2 3 4 15 16 17 18 19 20 
		number of symmetries: 1
	hspacing: 0 1 2 3 4 15 16 17 18 19 20 	vspacing: 0 1 2 3 4 5 16 17 18 19 20 
		number of symmetries: 1
	hspacing: 0 1 2 3 4 15 16 17 18 19 20 	vspacing: 0 1 2 3 4 15 16 17 18 19 20 
		number of symmetries: 1
	hspacing: 0 1 2 8 9 10 11 12 18 19 20 	vspacing: 0 1 2 8 9 10 11 12 18 19 20 
		number of symmetries: 2
	hspacing: 0 1 4 5 8 9 12 13 16 17 20 	vspacing: 0 1 4 5 8 9 12 13 16 17 20 
		number of symmetries: 1
	hspacing: 0 1 4 5 8 9 12 13 16 17 20 	vspacing: 0 3 4 7 8 11 12 15 16 19 20 
		number of symmetries: 1
	hspacing: 0 1 5 6 7 8 12 13 14 19 20 	vspacing: 0 1 5 6 7 8 12 13 14 19 20 
		number of symmetries: 1
	hspacing: 0 1 5 6 7 8 12 13 14 19 20 	vspacing: 0 1 6 7 8 12 13 14 15 19 20 
		number of symmetries: 1
	hspacing: 0 1 6 7 8 12 13 14 15 19 20 	vspacing: 0 1 5 6 7 8 12 13 14 19 20 
		number of symmetries: 1
	hspacing: 0 1 6 7 8 12 13 14 15 19 20 	vspacing: 0 1 6 7 8 12 13 14 15 19 20 
		number of symmetries: 1
	hspacing: 0 2 4 5 7 9 11 13 16 18 20 	vspacing: 0 2 4 5 7 9 11 13 16 18 20 
		number of symmetries: 1
	hspacing: 0 2 4 5 7 9 11 13 16 18 20 	vspacing: 0 2 4 7 9 11 13 15 16 18 20 
		number of symmetries: 1
	hspacing: 0 2 4 6 8 10 12 14 16 18 20 	vspacing: 0 2 4 6 8 10 12 14 16 18 20 
		number of symmetries: 2
	hspacing: 0 2 4 7 9 11 13 15 16 18 20 	vspacing: 0 2 4 5 7 9 11 13 16 18 20 
		number of symmetries: 1
	hspacing: 0 2 4 7 9 11 13 15 16 18 20 	vspacing: 0 2 4 7 9 11 13 15 16 18 20 
		number of symmetries: 1
	hspacing: 0 3 4 6 7 10 13 14 16 17 20 	vspacing: 0 3 4 6 7 10 13 14 16 17 20 
		number of symmetries: 2
	hspacing: 0 3 4 7 8 11 12 15 16 19 20 	vspacing: 0 1 4 5 8 9 12 13 16 17 20 
		number of symmetries: 1
	hspacing: 0 3 4 7 8 11 12 15 16 19 20 	vspacing: 0 3 4 7 8 11 12 15 16 19 20 
		number of symmetries: 1
	hspacing: 0 3 5 6 8 9 11 12 14 17 20 	vspacing: 0 3 5 6 8 9 11 12 14 17 20 
		number of symmetries: 1
	hspacing: 0 3 5 6 8 9 11 12 14 17 20 	vspacing: 0 3 6 8 9 11 12 14 15 17 20 
		number of symmetries: 1
	hspacing: 0 3 6 8 9 11 12 14 15 17 20 	vspacing: 0 3 5 6 8 9 11 12 14 17 20 
		number of symmetries: 1
	hspacing: 0 3 6 8 9 11 12 14 15 17 20 	vspacing: 0 3 6 8 9 11 12 14 15 17 20 
		number of symmetries: 1
